# JRE version: Java(TM) SE Runtime Environment (8.0_251-b08) (build 1.8.0_251-b08)
# Java VM: Java HotSpot(TM) 64-Bit Server VM (25.251-b08 mixed mode windows-amd64 compressed oops)
Heap:
 PSYoungGen      total 126464K, used 49581K [0x00000000eb400000, 0x00000000f4000000, 0x0000000100000000)
  eden space 117760K, 42% used [0x00000000eb400000,0x00000000ee46b730,0x00000000f2700000)
  from space 8704K, 0% used [0x00000000f3080000,0x00000000f3080000,0x00000000f3900000)
  to   space 9728K, 0% used [0x00000000f2700000,0x00000000f2700000,0x00000000f3080000)
 ParOldGen       total 207872K, used 107868K [0x00000000c1c00000, 0x00000000ce700000, 0x00000000eb400000)
  object space 207872K, 51% used [0x00000000c1c00000,0x00000000c8557030,0x00000000ce700000)
 Metaspace       used 28458K, capacity 29560K, committed 29824K, reserved 1075200K
  class space    used 3677K, capacity 3925K, committed 3968K, reserved 1048576K
GC Heap History (10 events):
Event: 131.828 GC heap before
{Heap before GC invocations=51 (full 1):
 PSYoungGen      total 121856K, used 120213K [0x00000000eb400000, 0x00000000f3400000, 0x0000000100000000)
  eden space 115200K, 99% used [0x00000000eb400000,0x00000000f247d640,0x00000000f2480000)
  from space 6656K, 75% used [0x00000000f2480000,0x00000000f2968040,0x00000000f2b00000)
  to   space 7168K, 0% used [0x00000000f2d00000,0x00000000f2d00000,0x00000000f3400000)
 ParOldGen       total 55808K, used 31105K [0x00000000c1c00000, 0x00000000c5280000, 0x00000000eb400000)
  object space 55808K, 55% used [0x00000000c1c00000,0x00000000c3a606a8,0x00000000c5280000)
 Metaspace       used 28352K, capacity 29426K, committed 29568K, reserved 1075200K
  class space    used 3664K, capacity 3924K, committed 3968K, reserved 1048576K
Event: 131.831 GC heap after
Heap after GC invocations=51 (full 1):
 PSYoungGen      total 123392K, used 5024K [0x00000000eb400000, 0x00000000f3500000, 0x0000000100000000)
  eden space 116224K, 0% used [0x00000000eb400000,0x00000000eb400000,0x00000000f2580000)
  from space 7168K, 70% used [0x00000000f2d00000,0x00000000f31e8040,0x00000000f3400000)
  to   space 7680K, 0% used [0x00000000f2580000,0x00000000f2580000,0x00000000f2d00000)
 ParOldGen       total 55808K, used 31129K [0x00000000c1c00000, 0x00000000c5280000, 0x00000000eb400000)
  object space 55808K, 55% used [0x00000000c1c00000,0x00000000c3a666a8,0x00000000c5280000)
 Metaspace       used 28352K, capacity 29426K, committed 29568K, reserved 1075200K
  class space    used 3664K, capacity 3924K, committed 3968K, reserved 1048576K
}
Event: 133.492 GC heap before
{Heap before GC invocations=52 (full 1):
 PSYoungGen      total 123392K, used 120096K [0x00000000eb400000, 0x00000000f3500000, 0x0000000100000000)
  eden space 116224K, 99% used [0x00000000eb400000,0x00000000f24602e0,0x00000000f2580000)
  from space 7168K, 70% used [0x00000000f2d00000,0x00000000f31e8040,0x00000000f3400000)
  to   space 7680K, 0% used [0x00000000f2580000,0x00000000f2580000,0x00000000f2d00000)
 ParOldGen       total 55808K, used 31129K [0x00000000c1c00000, 0x00000000c5280000, 0x00000000eb400000)
  object space 55808K, 55% used [0x00000000c1c00000,0x00000000c3a666a8,0x00000000c5280000)
 Metaspace       used 28418K, capacity 29496K, committed 29568K, reserved 1075200K
  class space    used 3674K, capacity 3925K, committed 3968K, reserved 1048576K
Event: 133.505 GC heap after
Heap after GC invocations=52 (full 1):
 PSYoungGen      total 123904K, used 7456K [0x00000000eb400000, 0x00000000f3900000, 0x0000000100000000)
  eden space 116224K, 0% used [0x00000000eb400000,0x00000000eb400000,0x00000000f2580000)
  from space 7680K, 97% used [0x00000000f2580000,0x00000000f2cc8060,0x00000000f2d00000)
  to   space 8704K, 0% used [0x00000000f3080000,0x00000000f3080000,0x00000000f3900000)
 ParOldGen       total 55808K, used 53969K [0x00000000c1c00000, 0x00000000c5280000, 0x00000000eb400000)
  object space 55808K, 96% used [0x00000000c1c00000,0x00000000c50b47d8,0x00000000c5280000)
 Metaspace       used 28418K, capacity 29496K, committed 29568K, reserved 1075200K
  class space    used 3674K, capacity 3925K, committed 3968K, reserved 1048576K
}
Event: 133.505 GC heap before
{Heap before GC invocations=53 (full 2):
 PSYoungGen      total 123904K, used 7456K [0x00000000eb400000, 0x00000000f3900000, 0x0000000100000000)
  eden space 116224K, 0% used [0x00000000eb400000,0x00000000eb400000,0x00000000f2580000)
  from space 7680K, 97% used [0x00000000f2580000,0x00000000f2cc8060,0x00000000f2d00000)
  to   space 8704K, 0% used [0x00000000f3080000,0x00000000f3080000,0x00000000f3900000)
 ParOldGen       total 55808K, used 53969K [0x00000000c1c00000, 0x00000000c5280000, 0x00000000eb400000)
  object space 55808K, 96% used [0x00000000c1c00000,0x00000000c50b47d8,0x00000000c5280000)
 Metaspace       used 28418K, capacity 29496K, committed 29568K, reserved 1075200K
  class space    used 3674K, capacity 3925K, committed 3968K, reserved 1048576K
Event: 133.702 GC heap after
Heap after GC invocations=53 (full 2):
 PSYoungGen      total 123904K, used 1228K [0x00000000eb400000, 0x00000000f3900000, 0x0000000100000000)
  eden space 116224K, 0% used [0x00000000eb400000,0x00000000eb400000,0x00000000f2580000)
  from space 7680K, 15% used [0x00000000f2580000,0x00000000f26b3028,0x00000000f2d00000)
  to   space 8704K, 0% used [0x00000000f3080000,0x00000000f3080000,0x00000000f3900000)
 ParOldGen       total 114688K, used 55036K [0x00000000c1c00000, 0x00000000c8c00000, 0x00000000eb400000)
  object space 114688K, 47% used [0x00000000c1c00000,0x00000000c51bf0a8,0x00000000c8c00000)
 Metaspace       used 28418K, capacity 29496K, committed 29568K, reserved 1075200K
  class space    used 3674K, capacity 3925K, committed 3968K, reserved 1048576K
}
Event: 135.356 GC heap before
{Heap before GC invocations=54 (full 2):
 PSYoungGen      total 123904K, used 117075K [0x00000000eb400000, 0x00000000f3900000, 0x0000000100000000)
  eden space 116224K, 99% used [0x00000000eb400000,0x00000000f2521d68,0x00000000f2580000)
  from space 7680K, 15% used [0x00000000f2580000,0x00000000f26b3028,0x00000000f2d00000)
  to   space 8704K, 0% used [0x00000000f3080000,0x00000000f3080000,0x00000000f3900000)
 ParOldGen       total 114688K, used 55036K [0x00000000c1c00000, 0x00000000c8c00000, 0x00000000eb400000)
  object space 114688K, 47% used [0x00000000c1c00000,0x00000000c51bf0a8,0x00000000c8c00000)
 Metaspace       used 28425K, capacity 29496K, committed 29568K, reserved 1075200K
  class space    used 3675K, capacity 3925K, committed 3968K, reserved 1048576K
Event: 135.386 GC heap after
Heap after GC invocations=54 (full 2):
 PSYoungGen      total 126464K, used 8560K [0x00000000eb400000, 0x00000000f4000000, 0x0000000100000000)
  eden space 117760K, 0% used [0x00000000eb400000,0x00000000eb400000,0x00000000f2700000)
  from space 8704K, 98% used [0x00000000f3080000,0x00000000f38dc070,0x00000000f3900000)
  to   space 9728K, 0% used [0x00000000f2700000,0x00000000f2700000,0x00000000f3080000)
 ParOldGen       total 114688K, used 100644K [0x00000000c1c00000, 0x00000000c8c00000, 0x00000000eb400000)
  object space 114688K, 87% used [0x00000000c1c00000,0x00000000c7e49308,0x00000000c8c00000)
 Metaspace       used 28425K, capacity 29496K, committed 29568K, reserved 1075200K
  class space    used 3675K, capacity 3925K, committed 3968K, reserved 1048576K
}
Event: 135.386 GC heap before
{Heap before GC invocations=55 (full 3):
 PSYoungGen      total 126464K, used 8560K [0x00000000eb400000, 0x00000000f4000000, 0x0000000100000000)
  eden space 117760K, 0% used [0x00000000eb400000,0x00000000eb400000,0x00000000f2700000)
  from space 8704K, 98% used [0x00000000f3080000,0x00000000f38dc070,0x00000000f3900000)
  to   space 9728K, 0% used [0x00000000f2700000,0x00000000f2700000,0x00000000f3080000)
 ParOldGen       total 114688K, used 100644K [0x00000000c1c00000, 0x00000000c8c00000, 0x00000000eb400000)
  object space 114688K, 87% used [0x00000000c1c00000,0x00000000c7e49308,0x00000000c8c00000)
 Metaspace       used 28425K, capacity 29496K, committed 29568K, reserved 1075200K
  class space    used 3675K, capacity 3925K, committed 3968K, reserved 1048576K
Event: 135.484 GC heap after
Heap after GC invocations=55 (full 3):
 PSYoungGen      total 126464K, used 0K [0x00000000eb400000, 0x00000000f4000000, 0x0000000100000000)
  eden space 117760K, 0% used [0x00000000eb400000,0x00000000eb400000,0x00000000f2700000)
  from space 8704K, 0% used [0x00000000f3080000,0x00000000f3080000,0x00000000f3900000)
  to   space 9728K, 0% used [0x00000000f2700000,0x00000000f2700000,0x00000000f3080000)
 ParOldGen       total 207872K, used 107868K [0x00000000c1c00000, 0x00000000ce700000, 0x00000000eb400000)
  object space 207872K, 51% used [0x00000000c1c00000,0x00000000c8557030,0x00000000ce700000)
 Metaspace       used 28425K, capacity 29496K, committed 29568K, reserved 1075200K
  class space    used 3675K, capacity 3925K, committed 3968K, reserved 1048576K
}

