# JRE version: Java(TM) SE Runtime Environment (8.0_221-b11) (build 1.8.0_221-b11)
# Java VM: Java HotSpot(TM) 64-Bit Server VM (25.221-b11 mixed mode windows-amd64 compressed oops)
Heap:
 PSYoungGen      total 98816K, used 66772K [0x00000000eb400000, 0x00000000f3080000, 0x0000000100000000)
  eden space 86528K, 72% used [0x00000000eb400000,0x00000000ef14a4f0,0x00000000f0880000)
  from space 12288K, 32% used [0x00000000f0880000,0x00000000f0c6ace0,0x00000000f1480000)
  to   space 11264K, 0% used [0x00000000f2580000,0x00000000f2580000,0x00000000f3080000)
 ParOldGen       total 72704K, used 24057K [0x00000000c1c00000, 0x00000000c6300000, 0x00000000eb400000)
  object space 72704K, 33% used [0x00000000c1c00000,0x00000000c337e7e0,0x00000000c6300000)
 Metaspace       used 35272K, capacity 36620K, committed 36776K, reserved 1081344K
  class space    used 4437K, capacity 4751K, committed 4864K, reserved 1048576K
GC Heap History (10 events):
Event: 182.356 GC heap before
{Heap before GC invocations=35 (full 2):
 PSYoungGen      total 76800K, used 66481K [0x00000000eb400000, 0x00000000f0f00000, 0x0000000100000000)
  eden space 66560K, 99% used [0x00000000eb400000,0x00000000ef4ec588,0x00000000ef500000)
  from space 10240K, 0% used [0x00000000f0500000,0x00000000f0500000,0x00000000f0f00000)
  to   space 13312K, 0% used [0x00000000ef500000,0x00000000ef500000,0x00000000f0200000)
 ParOldGen       total 72704K, used 24033K [0x00000000c1c00000, 0x00000000c6300000, 0x00000000eb400000)
  object space 72704K, 33% used [0x00000000c1c00000,0x00000000c33787e0,0x00000000c6300000)
 Metaspace       used 34277K, capacity 35612K, committed 35880K, reserved 1081344K
  class space    used 4330K, capacity 4633K, committed 4736K, reserved 1048576K
Event: 182.360 GC heap after
Heap after GC invocations=35 (full 2):
 PSYoungGen      total 79872K, used 346K [0x00000000eb400000, 0x00000000f1380000, 0x0000000100000000)
  eden space 66560K, 0% used [0x00000000eb400000,0x00000000eb400000,0x00000000ef500000)
  from space 13312K, 2% used [0x00000000ef500000,0x00000000ef556988,0x00000000f0200000)
  to   space 13312K, 0% used [0x00000000f0680000,0x00000000f0680000,0x00000000f1380000)
 ParOldGen       total 72704K, used 24041K [0x00000000c1c00000, 0x00000000c6300000, 0x00000000eb400000)
  object space 72704K, 33% used [0x00000000c1c00000,0x00000000c337a7e0,0x00000000c6300000)
 Metaspace       used 34277K, capacity 35612K, committed 35880K, reserved 1081344K
  class space    used 4330K, capacity 4633K, committed 4736K, reserved 1048576K
}
Event: 182.397 GC heap before
{Heap before GC invocations=36 (full 2):
 PSYoungGen      total 79872K, used 66870K [0x00000000eb400000, 0x00000000f1380000, 0x0000000100000000)
  eden space 66560K, 99% used [0x00000000eb400000,0x00000000ef4f7018,0x00000000ef500000)
  from space 13312K, 2% used [0x00000000ef500000,0x00000000ef556988,0x00000000f0200000)
  to   space 13312K, 0% used [0x00000000f0680000,0x00000000f0680000,0x00000000f1380000)
 ParOldGen       total 72704K, used 24041K [0x00000000c1c00000, 0x00000000c6300000, 0x00000000eb400000)
  object space 72704K, 33% used [0x00000000c1c00000,0x00000000c337a7e0,0x00000000c6300000)
 Metaspace       used 34277K, capacity 35612K, committed 35880K, reserved 1081344K
  class space    used 4330K, capacity 4633K, committed 4736K, reserved 1048576K
Event: 182.412 GC heap after
Heap after GC invocations=36 (full 2):
 PSYoungGen      total 84480K, used 354K [0x00000000eb400000, 0x00000000f1d00000, 0x0000000100000000)
  eden space 71168K, 0% used [0x00000000eb400000,0x00000000eb400000,0x00000000ef980000)
  from space 13312K, 2% used [0x00000000f0680000,0x00000000f06d8a20,0x00000000f1380000)
  to   space 13312K, 0% used [0x00000000ef980000,0x00000000ef980000,0x00000000f0680000)
 ParOldGen       total 72704K, used 24041K [0x00000000c1c00000, 0x00000000c6300000, 0x00000000eb400000)
  object space 72704K, 33% used [0x00000000c1c00000,0x00000000c337a7e0,0x00000000c6300000)
 Metaspace       used 34277K, capacity 35612K, committed 35880K, reserved 1081344K
  class space    used 4330K, capacity 4633K, committed 4736K, reserved 1048576K
}
Event: 182.464 GC heap before
{Heap before GC invocations=37 (full 2):
 PSYoungGen      total 84480K, used 71409K [0x00000000eb400000, 0x00000000f1d00000, 0x0000000100000000)
  eden space 71168K, 99% used [0x00000000eb400000,0x00000000ef963b10,0x00000000ef980000)
  from space 13312K, 2% used [0x00000000f0680000,0x00000000f06d8a20,0x00000000f1380000)
  to   space 13312K, 0% used [0x00000000ef980000,0x00000000ef980000,0x00000000f0680000)
 ParOldGen       total 72704K, used 24041K [0x00000000c1c00000, 0x00000000c6300000, 0x00000000eb400000)
  object space 72704K, 33% used [0x00000000c1c00000,0x00000000c337a7e0,0x00000000c6300000)
 Metaspace       used 34277K, capacity 35612K, committed 35880K, reserved 1081344K
  class space    used 4330K, capacity 4633K, committed 4736K, reserved 1048576K
Event: 182.477 GC heap after
Heap after GC invocations=37 (full 2):
 PSYoungGen      total 84480K, used 371K [0x00000000eb400000, 0x00000000f2200000, 0x0000000100000000)
  eden space 71168K, 0% used [0x00000000eb400000,0x00000000eb400000,0x00000000ef980000)
  from space 13312K, 2% used [0x00000000ef980000,0x00000000ef9dcdb0,0x00000000f0680000)
  to   space 12800K, 0% used [0x00000000f1580000,0x00000000f1580000,0x00000000f2200000)
 ParOldGen       total 72704K, used 24041K [0x00000000c1c00000, 0x00000000c6300000, 0x00000000eb400000)
  object space 72704K, 33% used [0x00000000c1c00000,0x00000000c337a7e0,0x00000000c6300000)
 Metaspace       used 34277K, capacity 35612K, committed 35880K, reserved 1081344K
  class space    used 4330K, capacity 4633K, committed 4736K, reserved 1048576K
}
Event: 182.768 GC heap before
{Heap before GC invocations=38 (full 2):
 PSYoungGen      total 84480K, used 70442K [0x00000000eb400000, 0x00000000f2200000, 0x0000000100000000)
  eden space 71168K, 98% used [0x00000000eb400000,0x00000000ef86daa8,0x00000000ef980000)
  from space 13312K, 2% used [0x00000000ef980000,0x00000000ef9dcdb0,0x00000000f0680000)
  to   space 12800K, 0% used [0x00000000f1580000,0x00000000f1580000,0x00000000f2200000)
 ParOldGen       total 72704K, used 24041K [0x00000000c1c00000, 0x00000000c6300000, 0x00000000eb400000)
  object space 72704K, 33% used [0x00000000c1c00000,0x00000000c337a7e0,0x00000000c6300000)
 Metaspace       used 34540K, capacity 35856K, committed 36136K, reserved 1081344K
  class space    used 4360K, capacity 4671K, committed 4736K, reserved 1048576K
Event: 182.775 GC heap after
Heap after GC invocations=38 (full 2):
 PSYoungGen      total 97792K, used 3305K [0x00000000eb400000, 0x00000000f2080000, 0x0000000100000000)
  eden space 86528K, 0% used [0x00000000eb400000,0x00000000eb400000,0x00000000f0880000)
  from space 11264K, 29% used [0x00000000f1580000,0x00000000f18ba750,0x00000000f2080000)
  to   space 12288K, 0% used [0x00000000f0880000,0x00000000f0880000,0x00000000f1480000)
 ParOldGen       total 72704K, used 24049K [0x00000000c1c00000, 0x00000000c6300000, 0x00000000eb400000)
  object space 72704K, 33% used [0x00000000c1c00000,0x00000000c337c7e0,0x00000000c6300000)
 Metaspace       used 34540K, capacity 35856K, committed 36136K, reserved 1081344K
  class space    used 4360K, capacity 4671K, committed 4736K, reserved 1048576K
}
Event: 186.737 GC heap before
{Heap before GC invocations=39 (full 2):
 PSYoungGen      total 97792K, used 89626K [0x00000000eb400000, 0x00000000f2080000, 0x0000000100000000)
  eden space 86528K, 99% used [0x00000000eb400000,0x00000000f084c290,0x00000000f0880000)
  from space 11264K, 29% used [0x00000000f1580000,0x00000000f18ba750,0x00000000f2080000)
  to   space 12288K, 0% used [0x00000000f0880000,0x00000000f0880000,0x00000000f1480000)
 ParOldGen       total 72704K, used 24049K [0x00000000c1c00000, 0x00000000c6300000, 0x00000000eb400000)
  object space 72704K, 33% used [0x00000000c1c00000,0x00000000c337c7e0,0x00000000c6300000)
 Metaspace       used 35069K, capacity 36414K, committed 36776K, reserved 1081344K
  class space    used 4429K, capacity 4746K, committed 4864K, reserved 1048576K
Event: 186.742 GC heap after
Heap after GC invocations=39 (full 2):
 PSYoungGen      total 98816K, used 4011K [0x00000000eb400000, 0x00000000f3080000, 0x0000000100000000)
  eden space 86528K, 0% used [0x00000000eb400000,0x00000000eb400000,0x00000000f0880000)
  from space 12288K, 32% used [0x00000000f0880000,0x00000000f0c6ace0,0x00000000f1480000)
  to   space 11264K, 0% used [0x00000000f2580000,0x00000000f2580000,0x00000000f3080000)
 ParOldGen       total 72704K, used 24057K [0x00000000c1c00000, 0x00000000c6300000, 0x00000000eb400000)
  object space 72704K, 33% used [0x00000000c1c00000,0x00000000c337e7e0,0x00000000c6300000)
 Metaspace       used 35069K, capacity 36414K, committed 36776K, reserved 1081344K
  class space    used 4429K, capacity 4746K, committed 4864K, reserved 1048576K
}

