# JRE version: Java(TM) SE Runtime Environment (8.0_221-b11) (build 1.8.0_221-b11)
# Java VM: Java HotSpot(TM) 64-Bit Server VM (25.221-b11 mixed mode windows-amd64 compressed oops)
Heap:
 PSYoungGen      total 91136K, used 15178K [0x00000000eb400000, 0x00000000f2100000, 0x0000000100000000)
  eden space 78336K, 4% used [0x00000000eb400000,0x00000000eb735860,0x00000000f0080000)
  from space 12800K, 92% used [0x00000000f0080000,0x00000000f0c1d240,0x00000000f0d00000)
  to   space 14336K, 0% used [0x00000000f1300000,0x00000000f1300000,0x00000000f2100000)
 ParOldGen       total 32256K, used 14940K [0x00000000c1c00000, 0x00000000c3b80000, 0x00000000eb400000)
  object space 32256K, 46% used [0x00000000c1c00000,0x00000000c2a97140,0x00000000c3b80000)
 Metaspace       used 33651K, capacity 34964K, committed 35200K, reserved 1079296K
  class space    used 4313K, capacity 4623K, committed 4736K, reserved 1048576K
GC Heap History (10 events):
Event: 51.614 GC heap before
{Heap before GC invocations=14 (full 1):
 PSYoungGen      total 72704K, used 69929K [0x00000000eb400000, 0x00000000f0680000, 0x0000000100000000)
  eden space 64000K, 98% used [0x00000000eb400000,0x00000000ef1916b8,0x00000000ef280000)
  from space 8704K, 79% used [0x00000000efe00000,0x00000000f04b9090,0x00000000f0680000)
  to   space 10240K, 0% used [0x00000000ef280000,0x00000000ef280000,0x00000000efc80000)
 ParOldGen       total 32256K, used 14900K [0x00000000c1c00000, 0x00000000c3b80000, 0x00000000eb400000)
  object space 32256K, 46% used [0x00000000c1c00000,0x00000000c2a8d140,0x00000000c3b80000)
 Metaspace       used 28991K, capacity 30208K, committed 30336K, reserved 1075200K
  class space    used 3860K, capacity 4147K, committed 4224K, reserved 1048576K
Event: 51.619 GC heap after
Heap after GC invocations=14 (full 1):
 PSYoungGen      total 74240K, used 6948K [0x00000000eb400000, 0x00000000f0f80000, 0x0000000100000000)
  eden space 64000K, 0% used [0x00000000eb400000,0x00000000eb400000,0x00000000ef280000)
  from space 10240K, 67% used [0x00000000ef280000,0x00000000ef949090,0x00000000efc80000)
  to   space 10240K, 0% used [0x00000000f0580000,0x00000000f0580000,0x00000000f0f80000)
 ParOldGen       total 32256K, used 14908K [0x00000000c1c00000, 0x00000000c3b80000, 0x00000000eb400000)
  object space 32256K, 46% used [0x00000000c1c00000,0x00000000c2a8f140,0x00000000c3b80000)
 Metaspace       used 28991K, capacity 30208K, committed 30336K, reserved 1075200K
  class space    used 3860K, capacity 4147K, committed 4224K, reserved 1048576K
}
Event: 57.040 GC heap before
{Heap before GC invocations=15 (full 1):
 PSYoungGen      total 74240K, used 70120K [0x00000000eb400000, 0x00000000f0f80000, 0x0000000100000000)
  eden space 64000K, 98% used [0x00000000eb400000,0x00000000ef1b1160,0x00000000ef280000)
  from space 10240K, 67% used [0x00000000ef280000,0x00000000ef949090,0x00000000efc80000)
  to   space 10240K, 0% used [0x00000000f0580000,0x00000000f0580000,0x00000000f0f80000)
 ParOldGen       total 32256K, used 14908K [0x00000000c1c00000, 0x00000000c3b80000, 0x00000000eb400000)
  object space 32256K, 46% used [0x00000000c1c00000,0x00000000c2a8f140,0x00000000c3b80000)
 Metaspace       used 29697K, capacity 30924K, committed 31104K, reserved 1077248K
  class space    used 3924K, capacity 4213K, committed 4224K, reserved 1048576K
Event: 57.048 GC heap after
Heap after GC invocations=15 (full 1):
 PSYoungGen      total 81408K, used 7364K [0x00000000eb400000, 0x00000000f0f00000, 0x0000000100000000)
  eden space 71680K, 0% used [0x00000000eb400000,0x00000000eb400000,0x00000000efa00000)
  from space 9728K, 75% used [0x00000000f0580000,0x00000000f0cb1090,0x00000000f0f00000)
  to   space 10752K, 0% used [0x00000000efa00000,0x00000000efa00000,0x00000000f0480000)
 ParOldGen       total 32256K, used 14916K [0x00000000c1c00000, 0x00000000c3b80000, 0x00000000eb400000)
  object space 32256K, 46% used [0x00000000c1c00000,0x00000000c2a91140,0x00000000c3b80000)
 Metaspace       used 29697K, capacity 30924K, committed 31104K, reserved 1077248K
  class space    used 3924K, capacity 4213K, committed 4224K, reserved 1048576K
}
Event: 62.235 GC heap before
{Heap before GC invocations=16 (full 1):
 PSYoungGen      total 81408K, used 78199K [0x00000000eb400000, 0x00000000f0f00000, 0x0000000100000000)
  eden space 71680K, 98% used [0x00000000eb400000,0x00000000ef92cbc8,0x00000000efa00000)
  from space 9728K, 75% used [0x00000000f0580000,0x00000000f0cb1090,0x00000000f0f00000)
  to   space 10752K, 0% used [0x00000000efa00000,0x00000000efa00000,0x00000000f0480000)
 ParOldGen       total 32256K, used 14916K [0x00000000c1c00000, 0x00000000c3b80000, 0x00000000eb400000)
  object space 32256K, 46% used [0x00000000c1c00000,0x00000000c2a91140,0x00000000c3b80000)
 Metaspace       used 30325K, capacity 31512K, committed 31744K, reserved 1077248K
  class space    used 3977K, capacity 4253K, committed 4352K, reserved 1048576K
Event: 62.247 GC heap after
Heap after GC invocations=16 (full 1):
 PSYoungGen      total 82432K, used 9860K [0x00000000eb400000, 0x00000000f1880000, 0x0000000100000000)
  eden space 71680K, 0% used [0x00000000eb400000,0x00000000eb400000,0x00000000efa00000)
  from space 10752K, 91% used [0x00000000efa00000,0x00000000f03a1090,0x00000000f0480000)
  to   space 11776K, 0% used [0x00000000f0d00000,0x00000000f0d00000,0x00000000f1880000)
 ParOldGen       total 32256K, used 14924K [0x00000000c1c00000, 0x00000000c3b80000, 0x00000000eb400000)
  object space 32256K, 46% used [0x00000000c1c00000,0x00000000c2a93140,0x00000000c3b80000)
 Metaspace       used 30325K, capacity 31512K, committed 31744K, reserved 1077248K
  class space    used 3977K, capacity 4253K, committed 4352K, reserved 1048576K
}
Event: 66.638 GC heap before
{Heap before GC invocations=17 (full 1):
 PSYoungGen      total 82432K, used 81540K [0x00000000eb400000, 0x00000000f1880000, 0x0000000100000000)
  eden space 71680K, 100% used [0x00000000eb400000,0x00000000efa00000,0x00000000efa00000)
  from space 10752K, 91% used [0x00000000efa00000,0x00000000f03a1090,0x00000000f0480000)
  to   space 11776K, 0% used [0x00000000f0d00000,0x00000000f0d00000,0x00000000f1880000)
 ParOldGen       total 32256K, used 14924K [0x00000000c1c00000, 0x00000000c3b80000, 0x00000000eb400000)
  object space 32256K, 46% used [0x00000000c1c00000,0x00000000c2a93140,0x00000000c3b80000)
 Metaspace       used 32858K, capacity 34132K, committed 34304K, reserved 1079296K
  class space    used 4235K, capacity 4519K, committed 4608K, reserved 1048576K
Event: 66.653 GC heap after
Heap after GC invocations=17 (full 1):
 PSYoungGen      total 90112K, used 11423K [0x00000000eb400000, 0x00000000f1a00000, 0x0000000100000000)
  eden space 78336K, 0% used [0x00000000eb400000,0x00000000eb400000,0x00000000f0080000)
  from space 11776K, 97% used [0x00000000f0d00000,0x00000000f1827fe8,0x00000000f1880000)
  to   space 12800K, 0% used [0x00000000f0080000,0x00000000f0080000,0x00000000f0d00000)
 ParOldGen       total 32256K, used 14932K [0x00000000c1c00000, 0x00000000c3b80000, 0x00000000eb400000)
  object space 32256K, 46% used [0x00000000c1c00000,0x00000000c2a95140,0x00000000c3b80000)
 Metaspace       used 32858K, capacity 34132K, committed 34304K, reserved 1079296K
  class space    used 4235K, capacity 4519K, committed 4608K, reserved 1048576K
}
Event: 73.056 GC heap before
{Heap before GC invocations=18 (full 1):
 PSYoungGen      total 90112K, used 88862K [0x00000000eb400000, 0x00000000f1a00000, 0x0000000100000000)
  eden space 78336K, 98% used [0x00000000eb400000,0x00000000eff9f8e0,0x00000000f0080000)
  from space 11776K, 97% used [0x00000000f0d00000,0x00000000f1827fe8,0x00000000f1880000)
  to   space 12800K, 0% used [0x00000000f0080000,0x00000000f0080000,0x00000000f0d00000)
 ParOldGen       total 32256K, used 14932K [0x00000000c1c00000, 0x00000000c3b80000, 0x00000000eb400000)
  object space 32256K, 46% used [0x00000000c1c00000,0x00000000c2a95140,0x00000000c3b80000)
 Metaspace       used 33650K, capacity 34964K, committed 35200K, reserved 1079296K
  class space    used 4313K, capacity 4623K, committed 4736K, reserved 1048576K
Event: 73.069 GC heap after
Heap after GC invocations=18 (full 1):
 PSYoungGen      total 91136K, used 11892K [0x00000000eb400000, 0x00000000f2100000, 0x0000000100000000)
  eden space 78336K, 0% used [0x00000000eb400000,0x00000000eb400000,0x00000000f0080000)
  from space 12800K, 92% used [0x00000000f0080000,0x00000000f0c1d240,0x00000000f0d00000)
  to   space 14336K, 0% used [0x00000000f1300000,0x00000000f1300000,0x00000000f2100000)
 ParOldGen       total 32256K, used 14940K [0x00000000c1c00000, 0x00000000c3b80000, 0x00000000eb400000)
  object space 32256K, 46% used [0x00000000c1c00000,0x00000000c2a97140,0x00000000c3b80000)
 Metaspace       used 33650K, capacity 34964K, committed 35200K, reserved 1079296K
  class space    used 4313K, capacity 4623K, committed 4736K, reserved 1048576K
}

