# JRE version: Java(TM) SE Runtime Environment (8.0_221-b11) (build 1.8.0_221-b11)
# Java VM: Java HotSpot(TM) 64-Bit Server VM (25.221-b11 mixed mode windows-amd64 compressed oops)
Heap:
 PSYoungGen      total 232960K, used 98741K [0x00000000eb400000, 0x00000000fac00000, 0x0000000100000000)
  eden space 226304K, 41% used [0x00000000eb400000,0x00000000f0fff7a8,0x00000000f9100000)
  from space 6656K, 68% used [0x00000000fa580000,0x00000000fa9edda0,0x00000000fac00000)
  to   space 13824K, 0% used [0x00000000f9100000,0x00000000f9100000,0x00000000f9e80000)
 ParOldGen       total 62464K, used 27775K [0x00000000c1c00000, 0x00000000c5900000, 0x00000000eb400000)
  object space 62464K, 44% used [0x00000000c1c00000,0x00000000c371fd98,0x00000000c5900000)
 Metaspace       used 35508K, capacity 36852K, committed 37080K, reserved 1081344K
  class space    used 4469K, capacity 4773K, committed 4864K, reserved 1048576K
GC Heap History (10 events):
Event: 32.937 GC heap before
{Heap before GC invocations=14 (full 1):
 PSYoungGen      total 139776K, used 129402K [0x00000000eb400000, 0x00000000f5d00000, 0x0000000100000000)
  eden space 123392K, 99% used [0x00000000eb400000,0x00000000f2b9c7e8,0x00000000f2c80000)
  from space 16384K, 42% used [0x00000000f3c00000,0x00000000f42c2160,0x00000000f4c00000)
  to   space 15872K, 0% used [0x00000000f2c80000,0x00000000f2c80000,0x00000000f3c00000)
 ParOldGen       total 32256K, used 20374K [0x00000000c1c00000, 0x00000000c3b80000, 0x00000000eb400000)
  object space 32256K, 63% used [0x00000000c1c00000,0x00000000c2fe5898,0x00000000c3b80000)
 Metaspace       used 34029K, capacity 35306K, committed 35416K, reserved 1079296K
  class space    used 4359K, capacity 4646K, committed 4736K, reserved 1048576K
Event: 32.948 GC heap after
Heap after GC invocations=14 (full 1):
 PSYoungGen      total 139264K, used 7399K [0x00000000eb400000, 0x00000000f7800000, 0x0000000100000000)
  eden space 123392K, 0% used [0x00000000eb400000,0x00000000eb400000,0x00000000f2c80000)
  from space 15872K, 46% used [0x00000000f2c80000,0x00000000f33b9c18,0x00000000f3c00000)
  to   space 14848K, 0% used [0x00000000f6980000,0x00000000f6980000,0x00000000f7800000)
 ParOldGen       total 32256K, used 21798K [0x00000000c1c00000, 0x00000000c3b80000, 0x00000000eb400000)
  object space 32256K, 67% used [0x00000000c1c00000,0x00000000c31498b8,0x00000000c3b80000)
 Metaspace       used 34029K, capacity 35306K, committed 35416K, reserved 1079296K
  class space    used 4359K, capacity 4646K, committed 4736K, reserved 1048576K
}
Event: 33.470 GC heap before
{Heap before GC invocations=15 (full 1):
 PSYoungGen      total 139264K, used 18396K [0x00000000eb400000, 0x00000000f7800000, 0x0000000100000000)
  eden space 123392K, 8% used [0x00000000eb400000,0x00000000ebebd6f0,0x00000000f2c80000)
  from space 15872K, 46% used [0x00000000f2c80000,0x00000000f33b9c18,0x00000000f3c00000)
  to   space 14848K, 0% used [0x00000000f6980000,0x00000000f6980000,0x00000000f7800000)
 ParOldGen       total 32256K, used 21798K [0x00000000c1c00000, 0x00000000c3b80000, 0x00000000eb400000)
  object space 32256K, 67% used [0x00000000c1c00000,0x00000000c31498b8,0x00000000c3b80000)
 Metaspace       used 34082K, capacity 35308K, committed 35416K, reserved 1079296K
  class space    used 4364K, capacity 4647K, committed 4736K, reserved 1048576K
Event: 33.481 GC heap after
Heap after GC invocations=15 (full 1):
 PSYoungGen      total 180736K, used 3945K [0x00000000eb400000, 0x00000000f7580000, 0x0000000100000000)
  eden space 168448K, 0% used [0x00000000eb400000,0x00000000eb400000,0x00000000f5880000)
  from space 12288K, 32% used [0x00000000f6980000,0x00000000f6d5a648,0x00000000f7580000)
  to   space 14848K, 0% used [0x00000000f5880000,0x00000000f5880000,0x00000000f6700000)
 ParOldGen       total 32256K, used 25712K [0x00000000c1c00000, 0x00000000c3b80000, 0x00000000eb400000)
  object space 32256K, 79% used [0x00000000c1c00000,0x00000000c351c040,0x00000000c3b80000)
 Metaspace       used 34082K, capacity 35308K, committed 35416K, reserved 1079296K
  class space    used 4364K, capacity 4647K, committed 4736K, reserved 1048576K
}
Event: 33.481 GC heap before
{Heap before GC invocations=16 (full 2):
 PSYoungGen      total 180736K, used 3945K [0x00000000eb400000, 0x00000000f7580000, 0x0000000100000000)
  eden space 168448K, 0% used [0x00000000eb400000,0x00000000eb400000,0x00000000f5880000)
  from space 12288K, 32% used [0x00000000f6980000,0x00000000f6d5a648,0x00000000f7580000)
  to   space 14848K, 0% used [0x00000000f5880000,0x00000000f5880000,0x00000000f6700000)
 ParOldGen       total 32256K, used 25712K [0x00000000c1c00000, 0x00000000c3b80000, 0x00000000eb400000)
  object space 32256K, 79% used [0x00000000c1c00000,0x00000000c351c040,0x00000000c3b80000)
 Metaspace       used 34082K, capacity 35308K, committed 35416K, reserved 1079296K
  class space    used 4364K, capacity 4647K, committed 4736K, reserved 1048576K
Event: 33.716 GC heap after
Heap after GC invocations=16 (full 2):
 PSYoungGen      total 180736K, used 0K [0x00000000eb400000, 0x00000000f7580000, 0x0000000100000000)
  eden space 168448K, 0% used [0x00000000eb400000,0x00000000eb400000,0x00000000f5880000)
  from space 12288K, 0% used [0x00000000f6980000,0x00000000f6980000,0x00000000f7580000)
  to   space 14848K, 0% used [0x00000000f5880000,0x00000000f5880000,0x00000000f6700000)
 ParOldGen       total 62464K, used 26644K [0x00000000c1c00000, 0x00000000c5900000, 0x00000000eb400000)
  object space 62464K, 42% used [0x00000000c1c00000,0x00000000c36051c0,0x00000000c5900000)
 Metaspace       used 34082K, capacity 35308K, committed 35416K, reserved 1079296K
  class space    used 4364K, capacity 4647K, committed 4736K, reserved 1048576K
}
Event: 43.920 GC heap before
{Heap before GC invocations=17 (full 2):
 PSYoungGen      total 180736K, used 167972K [0x00000000eb400000, 0x00000000f7580000, 0x0000000100000000)
  eden space 168448K, 99% used [0x00000000eb400000,0x00000000f5809050,0x00000000f5880000)
  from space 12288K, 0% used [0x00000000f6980000,0x00000000f6980000,0x00000000f7580000)
  to   space 14848K, 0% used [0x00000000f5880000,0x00000000f5880000,0x00000000f6700000)
 ParOldGen       total 62464K, used 26644K [0x00000000c1c00000, 0x00000000c5900000, 0x00000000eb400000)
  object space 62464K, 42% used [0x00000000c1c00000,0x00000000c36051c0,0x00000000c5900000)
 Metaspace       used 34922K, capacity 36300K, committed 36568K, reserved 1081344K
  class space    used 4443K, capacity 4757K, committed 4864K, reserved 1048576K
Event: 43.932 GC heap after
Heap after GC invocations=17 (full 2):
 PSYoungGen      total 183296K, used 7846K [0x00000000eb400000, 0x00000000fb380000, 0x0000000100000000)
  eden space 168448K, 0% used [0x00000000eb400000,0x00000000eb400000,0x00000000f5880000)
  from space 14848K, 52% used [0x00000000f5880000,0x00000000f6029898,0x00000000f6700000)
  to   space 14336K, 0% used [0x00000000fa580000,0x00000000fa580000,0x00000000fb380000)
 ParOldGen       total 62464K, used 26652K [0x00000000c1c00000, 0x00000000c5900000, 0x00000000eb400000)
  object space 62464K, 42% used [0x00000000c1c00000,0x00000000c36071c0,0x00000000c5900000)
 Metaspace       used 34922K, capacity 36300K, committed 36568K, reserved 1081344K
  class space    used 4443K, capacity 4757K, committed 4864K, reserved 1048576K
}
Event: 56.317 GC heap before
{Heap before GC invocations=18 (full 2):
 PSYoungGen      total 183296K, used 175757K [0x00000000eb400000, 0x00000000fb380000, 0x0000000100000000)
  eden space 168448K, 99% used [0x00000000eb400000,0x00000000f57f9c10,0x00000000f5880000)
  from space 14848K, 52% used [0x00000000f5880000,0x00000000f6029898,0x00000000f6700000)
  to   space 14336K, 0% used [0x00000000fa580000,0x00000000fa580000,0x00000000fb380000)
 ParOldGen       total 62464K, used 26652K [0x00000000c1c00000, 0x00000000c5900000, 0x00000000eb400000)
  object space 62464K, 42% used [0x00000000c1c00000,0x00000000c36071c0,0x00000000c5900000)
 Metaspace       used 35373K, capacity 36788K, committed 37080K, reserved 1081344K
  class space    used 4466K, capacity 4773K, committed 4864K, reserved 1048576K
Event: 56.329 GC heap after
Heap after GC invocations=18 (full 2):
 PSYoungGen      total 232960K, used 4535K [0x00000000eb400000, 0x00000000fac00000, 0x0000000100000000)
  eden space 226304K, 0% used [0x00000000eb400000,0x00000000eb400000,0x00000000f9100000)
  from space 6656K, 68% used [0x00000000fa580000,0x00000000fa9edda0,0x00000000fac00000)
  to   space 13824K, 0% used [0x00000000f9100000,0x00000000f9100000,0x00000000f9e80000)
 ParOldGen       total 62464K, used 27775K [0x00000000c1c00000, 0x00000000c5900000, 0x00000000eb400000)
  object space 62464K, 44% used [0x00000000c1c00000,0x00000000c371fd98,0x00000000c5900000)
 Metaspace       used 35373K, capacity 36788K, committed 37080K, reserved 1081344K
  class space    used 4466K, capacity 4773K, committed 4864K, reserved 1048576K
}

