# JRE version: Java(TM) SE Runtime Environment (8.0_221-b11) (build 1.8.0_221-b11)
# Java VM: Java HotSpot(TM) 64-Bit Server VM (25.221-b11 mixed mode windows-amd64 compressed oops)
Heap:
 PSYoungGen      total 197632K, used 67965K [0x00000000eb400000, 0x00000000f8580000, 0x0000000100000000)
  eden space 184832K, 35% used [0x00000000eb400000,0x00000000ef436a88,0x00000000f6880000)
  from space 12800K, 17% used [0x00000000f7500000,0x00000000f7728d38,0x00000000f8180000)
  to   space 12800K, 0% used [0x00000000f6880000,0x00000000f6880000,0x00000000f7500000)
 ParOldGen       total 55808K, used 24188K [0x00000000c1c00000, 0x00000000c5280000, 0x00000000eb400000)
  object space 55808K, 43% used [0x00000000c1c00000,0x00000000c339f2a0,0x00000000c5280000)
 Metaspace       used 34382K, capacity 35716K, committed 36096K, reserved 1081344K
  class space    used 4425K, capacity 4739K, committed 4864K, reserved 1048576K
GC Heap History (10 events):
Event: 27.516 GC heap before
{Heap before GC invocations=10 (full 1):
 PSYoungGen      total 108544K, used 107112K [0x00000000eb400000, 0x00000000f2c80000, 0x0000000100000000)
  eden space 97792K, 99% used [0x00000000eb400000,0x00000000f132e020,0x00000000f1380000)
  from space 10752K, 89% used [0x00000000f2200000,0x00000000f2b6c118,0x00000000f2c80000)
  to   space 12800K, 0% used [0x00000000f1380000,0x00000000f1380000,0x00000000f2000000)
 ParOldGen       total 29696K, used 12940K [0x00000000c1c00000, 0x00000000c3900000, 0x00000000eb400000)
  object space 29696K, 43% used [0x00000000c1c00000,0x00000000c28a33f0,0x00000000c3900000)
 Metaspace       used 29602K, capacity 30814K, committed 30848K, reserved 1075200K
  class space    used 3919K, capacity 4214K, committed 4224K, reserved 1048576K
Event: 27.529 GC heap after
Heap after GC invocations=10 (full 1):
 PSYoungGen      total 110592K, used 5812K [0x00000000eb400000, 0x00000000f4e80000, 0x0000000100000000)
  eden space 97792K, 0% used [0x00000000eb400000,0x00000000eb400000,0x00000000f1380000)
  from space 12800K, 45% used [0x00000000f1380000,0x00000000f192d070,0x00000000f2000000)
  to   space 12288K, 0% used [0x00000000f4280000,0x00000000f4280000,0x00000000f4e80000)
 ParOldGen       total 29696K, used 19033K [0x00000000c1c00000, 0x00000000c3900000, 0x00000000eb400000)
  object space 29696K, 64% used [0x00000000c1c00000,0x00000000c2e96650,0x00000000c3900000)
 Metaspace       used 29602K, capacity 30814K, committed 30848K, reserved 1075200K
  class space    used 3919K, capacity 4214K, committed 4224K, reserved 1048576K
}
Event: 32.274 GC heap before
{Heap before GC invocations=11 (full 1):
 PSYoungGen      total 110592K, used 103591K [0x00000000eb400000, 0x00000000f4e80000, 0x0000000100000000)
  eden space 97792K, 99% used [0x00000000eb400000,0x00000000f137cdb8,0x00000000f1380000)
  from space 12800K, 45% used [0x00000000f1380000,0x00000000f192d070,0x00000000f2000000)
  to   space 12288K, 0% used [0x00000000f4280000,0x00000000f4280000,0x00000000f4e80000)
 ParOldGen       total 29696K, used 19033K [0x00000000c1c00000, 0x00000000c3900000, 0x00000000eb400000)
  object space 29696K, 64% used [0x00000000c1c00000,0x00000000c2e96650,0x00000000c3900000)
 Metaspace       used 33433K, capacity 34708K, committed 34944K, reserved 1079296K
  class space    used 4320K, capacity 4621K, committed 4736K, reserved 1048576K
Event: 32.303 GC heap after
Heap after GC invocations=11 (full 1):
 PSYoungGen      total 138752K, used 7771K [0x00000000eb400000, 0x00000000f4b00000, 0x0000000100000000)
  eden space 130048K, 0% used [0x00000000eb400000,0x00000000eb400000,0x00000000f3300000)
  from space 8704K, 89% used [0x00000000f4280000,0x00000000f4a16dc8,0x00000000f4b00000)
  to   space 12288K, 0% used [0x00000000f3300000,0x00000000f3300000,0x00000000f3f00000)
 ParOldGen       total 29696K, used 21297K [0x00000000c1c00000, 0x00000000c3900000, 0x00000000eb400000)
  object space 29696K, 71% used [0x00000000c1c00000,0x00000000c30cc6c0,0x00000000c3900000)
 Metaspace       used 33433K, capacity 34708K, committed 34944K, reserved 1079296K
  class space    used 4320K, capacity 4621K, committed 4736K, reserved 1048576K
}
Event: 32.410 GC heap before
{Heap before GC invocations=12 (full 1):
 PSYoungGen      total 138752K, used 137758K [0x00000000eb400000, 0x00000000f4b00000, 0x0000000100000000)
  eden space 130048K, 99% used [0x00000000eb400000,0x00000000f32f0d20,0x00000000f3300000)
  from space 8704K, 89% used [0x00000000f4280000,0x00000000f4a16dc8,0x00000000f4b00000)
  to   space 12288K, 0% used [0x00000000f3300000,0x00000000f3300000,0x00000000f3f00000)
 ParOldGen       total 29696K, used 21297K [0x00000000c1c00000, 0x00000000c3900000, 0x00000000eb400000)
  object space 29696K, 71% used [0x00000000c1c00000,0x00000000c30cc6c0,0x00000000c3900000)
 Metaspace       used 33435K, capacity 34708K, committed 34944K, reserved 1079296K
  class space    used 4320K, capacity 4621K, committed 4736K, reserved 1048576K
Event: 32.430 GC heap after
Heap after GC invocations=12 (full 1):
 PSYoungGen      total 142336K, used 205K [0x00000000eb400000, 0x00000000f8180000, 0x0000000100000000)
  eden space 130048K, 0% used [0x00000000eb400000,0x00000000eb400000,0x00000000f3300000)
  from space 12288K, 1% used [0x00000000f3300000,0x00000000f33337a0,0x00000000f3f00000)
  to   space 12800K, 0% used [0x00000000f7500000,0x00000000f7500000,0x00000000f8180000)
 ParOldGen       total 29696K, used 26885K [0x00000000c1c00000, 0x00000000c3900000, 0x00000000eb400000)
  object space 29696K, 90% used [0x00000000c1c00000,0x00000000c3641570,0x00000000c3900000)
 Metaspace       used 33435K, capacity 34708K, committed 34944K, reserved 1079296K
  class space    used 4320K, capacity 4621K, committed 4736K, reserved 1048576K
}
Event: 32.430 GC heap before
{Heap before GC invocations=13 (full 2):
 PSYoungGen      total 142336K, used 205K [0x00000000eb400000, 0x00000000f8180000, 0x0000000100000000)
  eden space 130048K, 0% used [0x00000000eb400000,0x00000000eb400000,0x00000000f3300000)
  from space 12288K, 1% used [0x00000000f3300000,0x00000000f33337a0,0x00000000f3f00000)
  to   space 12800K, 0% used [0x00000000f7500000,0x00000000f7500000,0x00000000f8180000)
 ParOldGen       total 29696K, used 26885K [0x00000000c1c00000, 0x00000000c3900000, 0x00000000eb400000)
  object space 29696K, 90% used [0x00000000c1c00000,0x00000000c3641570,0x00000000c3900000)
 Metaspace       used 33435K, capacity 34708K, committed 34944K, reserved 1079296K
  class space    used 4320K, capacity 4621K, committed 4736K, reserved 1048576K
Event: 32.635 GC heap after
Heap after GC invocations=13 (full 2):
 PSYoungGen      total 142336K, used 0K [0x00000000eb400000, 0x00000000f8180000, 0x0000000100000000)
  eden space 130048K, 0% used [0x00000000eb400000,0x00000000eb400000,0x00000000f3300000)
  from space 12288K, 0% used [0x00000000f3300000,0x00000000f3300000,0x00000000f3f00000)
  to   space 12800K, 0% used [0x00000000f7500000,0x00000000f7500000,0x00000000f8180000)
 ParOldGen       total 55808K, used 24180K [0x00000000c1c00000, 0x00000000c5280000, 0x00000000eb400000)
  object space 55808K, 43% used [0x00000000c1c00000,0x00000000c339d2a0,0x00000000c5280000)
 Metaspace       used 33435K, capacity 34708K, committed 34944K, reserved 1079296K
  class space    used 4320K, capacity 4621K, committed 4736K, reserved 1048576K
}
Event: 32.951 GC heap before
{Heap before GC invocations=14 (full 2):
 PSYoungGen      total 142336K, used 129132K [0x00000000eb400000, 0x00000000f8180000, 0x0000000100000000)
  eden space 130048K, 99% used [0x00000000eb400000,0x00000000f321b2c8,0x00000000f3300000)
  from space 12288K, 0% used [0x00000000f3300000,0x00000000f3300000,0x00000000f3f00000)
  to   space 12800K, 0% used [0x00000000f7500000,0x00000000f7500000,0x00000000f8180000)
 ParOldGen       total 55808K, used 24180K [0x00000000c1c00000, 0x00000000c5280000, 0x00000000eb400000)
  object space 55808K, 43% used [0x00000000c1c00000,0x00000000c339d2a0,0x00000000c5280000)
 Metaspace       used 33695K, capacity 34964K, committed 35200K, reserved 1079296K
  class space    used 4352K, capacity 4661K, committed 4736K, reserved 1048576K
Event: 32.959 GC heap after
Heap after GC invocations=14 (full 2):
 PSYoungGen      total 197632K, used 2211K [0x00000000eb400000, 0x00000000f8580000, 0x0000000100000000)
  eden space 184832K, 0% used [0x00000000eb400000,0x00000000eb400000,0x00000000f6880000)
  from space 12800K, 17% used [0x00000000f7500000,0x00000000f7728d38,0x00000000f8180000)
  to   space 12800K, 0% used [0x00000000f6880000,0x00000000f6880000,0x00000000f7500000)
 ParOldGen       total 55808K, used 24188K [0x00000000c1c00000, 0x00000000c5280000, 0x00000000eb400000)
  object space 55808K, 43% used [0x00000000c1c00000,0x00000000c339f2a0,0x00000000c5280000)
 Metaspace       used 33695K, capacity 34964K, committed 35200K, reserved 1079296K
  class space    used 4352K, capacity 4661K, committed 4736K, reserved 1048576K
}

