# JRE version: Java(TM) SE Runtime Environment (8.0_221-b11) (build 1.8.0_221-b11)
# Java VM: Java HotSpot(TM) 64-Bit Server VM (25.221-b11 mixed mode windows-amd64 compressed oops)
Heap:
 PSYoungGen      total 159744K, used 84686K [0x00000000eb400000, 0x00000000f5d00000, 0x0000000100000000)
  eden space 155136K, 51% used [0x00000000eb400000,0x00000000f02a41f8,0x00000000f4b80000)
  from space 4608K, 90% used [0x00000000f5880000,0x00000000f5c8f7c0,0x00000000f5d00000)
  to   space 8704K, 0% used [0x00000000f4c00000,0x00000000f4c00000,0x00000000f5480000)
 ParOldGen       total 58880K, used 26751K [0x00000000c1c00000, 0x00000000c5580000, 0x00000000eb400000)
  object space 58880K, 45% used [0x00000000c1c00000,0x00000000c361ff30,0x00000000c5580000)
 Metaspace       used 34242K, capacity 35552K, committed 35712K, reserved 1081344K
  class space    used 4380K, capacity 4681K, committed 4736K, reserved 1048576K
GC Heap History (10 events):
Event: 22.680 GC heap before
{Heap before GC invocations=14 (full 2):
 PSYoungGen      total 90624K, used 4921K [0x00000000eb400000, 0x00000000f1700000, 0x0000000100000000)
  eden space 83968K, 0% used [0x00000000eb400000,0x00000000eb400000,0x00000000f0600000)
  from space 6656K, 73% used [0x00000000f1080000,0x00000000f154e698,0x00000000f1700000)
  to   space 8704K, 0% used [0x00000000f0600000,0x00000000f0600000,0x00000000f0e80000)
 ParOldGen       total 29696K, used 24174K [0x00000000c1c00000, 0x00000000c3900000, 0x00000000eb400000)
  object space 29696K, 81% used [0x00000000c1c00000,0x00000000c339b818,0x00000000c3900000)
 Metaspace       used 32564K, capacity 33842K, committed 34048K, reserved 1079296K
  class space    used 4251K, capacity 4552K, committed 4608K, reserved 1048576K
Event: 22.760 GC heap after
Heap after GC invocations=14 (full 2):
 PSYoungGen      total 90624K, used 0K [0x00000000eb400000, 0x00000000f1700000, 0x0000000100000000)
  eden space 83968K, 0% used [0x00000000eb400000,0x00000000eb400000,0x00000000f0600000)
  from space 6656K, 0% used [0x00000000f1080000,0x00000000f1080000,0x00000000f1700000)
  to   space 8704K, 0% used [0x00000000f0600000,0x00000000f0600000,0x00000000f0e80000)
 ParOldGen       total 58880K, used 24346K [0x00000000c1c00000, 0x00000000c5580000, 0x00000000eb400000)
  object space 58880K, 41% used [0x00000000c1c00000,0x00000000c33c6ac0,0x00000000c5580000)
 Metaspace       used 32564K, capacity 33842K, committed 34048K, reserved 1079296K
  class space    used 4251K, capacity 4552K, committed 4608K, reserved 1048576K
}
Event: 23.093 GC heap before
{Heap before GC invocations=15 (full 2):
 PSYoungGen      total 90624K, used 83862K [0x00000000eb400000, 0x00000000f1700000, 0x0000000100000000)
  eden space 83968K, 99% used [0x00000000eb400000,0x00000000f05e5b60,0x00000000f0600000)
  from space 6656K, 0% used [0x00000000f1080000,0x00000000f1080000,0x00000000f1700000)
  to   space 8704K, 0% used [0x00000000f0600000,0x00000000f0600000,0x00000000f0e80000)
 ParOldGen       total 58880K, used 24346K [0x00000000c1c00000, 0x00000000c5580000, 0x00000000eb400000)
  object space 58880K, 41% used [0x00000000c1c00000,0x00000000c33c6ac0,0x00000000c5580000)
 Metaspace       used 32706K, capacity 33970K, committed 34304K, reserved 1079296K
  class space    used 4264K, capacity 4552K, committed 4608K, reserved 1048576K
Event: 23.111 GC heap after
Heap after GC invocations=15 (full 2):
 PSYoungGen      total 92672K, used 432K [0x00000000eb400000, 0x00000000f3680000, 0x0000000100000000)
  eden space 83968K, 0% used [0x00000000eb400000,0x00000000eb400000,0x00000000f0600000)
  from space 8704K, 4% used [0x00000000f0600000,0x00000000f066c130,0x00000000f0e80000)
  to   space 8704K, 0% used [0x00000000f2e00000,0x00000000f2e00000,0x00000000f3680000)
 ParOldGen       total 58880K, used 24354K [0x00000000c1c00000, 0x00000000c5580000, 0x00000000eb400000)
  object space 58880K, 41% used [0x00000000c1c00000,0x00000000c33c8ac0,0x00000000c5580000)
 Metaspace       used 32706K, capacity 33970K, committed 34304K, reserved 1079296K
  class space    used 4264K, capacity 4552K, committed 4608K, reserved 1048576K
}
Event: 23.146 GC heap before
{Heap before GC invocations=16 (full 2):
 PSYoungGen      total 92672K, used 84261K [0x00000000eb400000, 0x00000000f3680000, 0x0000000100000000)
  eden space 83968K, 99% used [0x00000000eb400000,0x00000000f05dd338,0x00000000f0600000)
  from space 8704K, 4% used [0x00000000f0600000,0x00000000f066c130,0x00000000f0e80000)
  to   space 8704K, 0% used [0x00000000f2e00000,0x00000000f2e00000,0x00000000f3680000)
 ParOldGen       total 58880K, used 24354K [0x00000000c1c00000, 0x00000000c5580000, 0x00000000eb400000)
  object space 58880K, 41% used [0x00000000c1c00000,0x00000000c33c8ac0,0x00000000c5580000)
 Metaspace       used 32706K, capacity 33970K, committed 34304K, reserved 1079296K
  class space    used 4264K, capacity 4552K, committed 4608K, reserved 1048576K
Event: 23.148 GC heap after
Heap after GC invocations=16 (full 2):
 PSYoungGen      total 124416K, used 399K [0x00000000eb400000, 0x00000000f3a00000, 0x0000000100000000)
  eden space 115712K, 0% used [0x00000000eb400000,0x00000000eb400000,0x00000000f2500000)
  from space 8704K, 4% used [0x00000000f2e00000,0x00000000f2e63d70,0x00000000f3680000)
  to   space 9216K, 0% used [0x00000000f2500000,0x00000000f2500000,0x00000000f2e00000)
 ParOldGen       total 58880K, used 24577K [0x00000000c1c00000, 0x00000000c5580000, 0x00000000eb400000)
  object space 58880K, 41% used [0x00000000c1c00000,0x00000000c3400538,0x00000000c5580000)
 Metaspace       used 32706K, capacity 33970K, committed 34304K, reserved 1079296K
  class space    used 4264K, capacity 4552K, committed 4608K, reserved 1048576K
}
Event: 24.759 GC heap before
{Heap before GC invocations=17 (full 2):
 PSYoungGen      total 124416K, used 116111K [0x00000000eb400000, 0x00000000f3a00000, 0x0000000100000000)
  eden space 115712K, 100% used [0x00000000eb400000,0x00000000f2500000,0x00000000f2500000)
  from space 8704K, 4% used [0x00000000f2e00000,0x00000000f2e63d70,0x00000000f3680000)
  to   space 9216K, 0% used [0x00000000f2500000,0x00000000f2500000,0x00000000f2e00000)
 ParOldGen       total 58880K, used 24577K [0x00000000c1c00000, 0x00000000c5580000, 0x00000000eb400000)
  object space 58880K, 41% used [0x00000000c1c00000,0x00000000c3400538,0x00000000c5580000)
 Metaspace       used 33419K, capacity 34706K, committed 34944K, reserved 1079296K
  class space    used 4356K, capacity 4664K, committed 4736K, reserved 1048576K
Event: 24.767 GC heap after
Heap after GC invocations=17 (full 2):
 PSYoungGen      total 124928K, used 2348K [0x00000000eb400000, 0x00000000f6100000, 0x0000000100000000)
  eden space 115712K, 0% used [0x00000000eb400000,0x00000000eb400000,0x00000000f2500000)
  from space 9216K, 25% used [0x00000000f2500000,0x00000000f274b018,0x00000000f2e00000)
  to   space 8704K, 0% used [0x00000000f5880000,0x00000000f5880000,0x00000000f6100000)
 ParOldGen       total 58880K, used 24585K [0x00000000c1c00000, 0x00000000c5580000, 0x00000000eb400000)
  object space 58880K, 41% used [0x00000000c1c00000,0x00000000c3402538,0x00000000c5580000)
 Metaspace       used 33419K, capacity 34706K, committed 34944K, reserved 1079296K
  class space    used 4356K, capacity 4664K, committed 4736K, reserved 1048576K
}
Event: 36.090 GC heap before
{Heap before GC invocations=18 (full 2):
 PSYoungGen      total 124928K, used 116985K [0x00000000eb400000, 0x00000000f6100000, 0x0000000100000000)
  eden space 115712K, 99% used [0x00000000eb400000,0x00000000f23f3570,0x00000000f2500000)
  from space 9216K, 25% used [0x00000000f2500000,0x00000000f274b018,0x00000000f2e00000)
  to   space 8704K, 0% used [0x00000000f5880000,0x00000000f5880000,0x00000000f6100000)
 ParOldGen       total 58880K, used 24585K [0x00000000c1c00000, 0x00000000c5580000, 0x00000000eb400000)
  object space 58880K, 41% used [0x00000000c1c00000,0x00000000c3402538,0x00000000c5580000)
 Metaspace       used 34028K, capacity 35324K, committed 35456K, reserved 1079296K
  class space    used 4377K, capacity 4675K, committed 4736K, reserved 1048576K
Event: 36.099 GC heap after
Heap after GC invocations=18 (full 2):
 PSYoungGen      total 159744K, used 4157K [0x00000000eb400000, 0x00000000f5d00000, 0x0000000100000000)
  eden space 155136K, 0% used [0x00000000eb400000,0x00000000eb400000,0x00000000f4b80000)
  from space 4608K, 90% used [0x00000000f5880000,0x00000000f5c8f7c0,0x00000000f5d00000)
  to   space 8704K, 0% used [0x00000000f4c00000,0x00000000f4c00000,0x00000000f5480000)
 ParOldGen       total 58880K, used 26751K [0x00000000c1c00000, 0x00000000c5580000, 0x00000000eb400000)
  object space 58880K, 45% used [0x00000000c1c00000,0x00000000c361ff30,0x00000000c5580000)
 Metaspace       used 34028K, capacity 35324K, committed 35456K, reserved 1079296K
  class space    used 4377K, capacity 4675K, committed 4736K, reserved 1048576K
}

