# JRE version: Java(TM) SE Runtime Environment (8.0_221-b11) (build 1.8.0_221-b11)
# Java VM: Java HotSpot(TM) 64-Bit Server VM (25.221-b11 mixed mode windows-amd64 compressed oops)
Heap:
 PSYoungGen      total 133632K, used 69161K [0x00000000eb400000, 0x00000000f4980000, 0x0000000100000000)
  eden space 124928K, 55% used [0x00000000eb400000,0x00000000ef72b158,0x00000000f2e00000)
  from space 8704K, 4% used [0x00000000f3680000,0x00000000f36df3f0,0x00000000f3f00000)
  to   space 8704K, 0% used [0x00000000f2e00000,0x00000000f2e00000,0x00000000f3680000)
 ParOldGen       total 65024K, used 25261K [0x00000000c1c00000, 0x00000000c5b80000, 0x00000000eb400000)
  object space 65024K, 38% used [0x00000000c1c00000,0x00000000c34ab488,0x00000000c5b80000)
 Metaspace       used 34488K, capacity 35780K, committed 36056K, reserved 1081344K
  class space    used 4363K, capacity 4665K, committed 4736K, reserved 1048576K
GC Heap History (10 events):
Event: 112.746 GC heap before
{Heap before GC invocations=24 (full 1):
 PSYoungGen      total 118272K, used 116128K [0x00000000eb400000, 0x00000000f2f00000, 0x0000000100000000)
  eden space 112640K, 100% used [0x00000000eb400000,0x00000000f2200000,0x00000000f2200000)
  from space 5632K, 61% used [0x00000000f2980000,0x00000000f2ce8020,0x00000000f2f00000)
  to   space 6656K, 0% used [0x00000000f2200000,0x00000000f2200000,0x00000000f2880000)
 ParOldGen       total 30208K, used 19183K [0x00000000c1c00000, 0x00000000c3980000, 0x00000000eb400000)
  object space 30208K, 63% used [0x00000000c1c00000,0x00000000c2ebbee8,0x00000000c3980000)
 Metaspace       used 32472K, capacity 33830K, committed 33920K, reserved 1079296K
  class space    used 4158K, capacity 4452K, committed 4480K, reserved 1048576K
Event: 112.761 GC heap after
Heap after GC invocations=24 (full 1):
 PSYoungGen      total 119296K, used 6070K [0x00000000eb400000, 0x00000000f3380000, 0x0000000100000000)
  eden space 112640K, 0% used [0x00000000eb400000,0x00000000eb400000,0x00000000f2200000)
  from space 6656K, 91% used [0x00000000f2200000,0x00000000f27edbe0,0x00000000f2880000)
  to   space 7680K, 0% used [0x00000000f2c00000,0x00000000f2c00000,0x00000000f3380000)
 ParOldGen       total 30208K, used 19191K [0x00000000c1c00000, 0x00000000c3980000, 0x00000000eb400000)
  object space 30208K, 63% used [0x00000000c1c00000,0x00000000c2ebdee8,0x00000000c3980000)
 Metaspace       used 32472K, capacity 33830K, committed 33920K, reserved 1079296K
  class space    used 4158K, capacity 4452K, committed 4480K, reserved 1048576K
}
Event: 114.253 GC heap before
{Heap before GC invocations=25 (full 1):
 PSYoungGen      total 119296K, used 37797K [0x00000000eb400000, 0x00000000f3380000, 0x0000000100000000)
  eden space 112640K, 28% used [0x00000000eb400000,0x00000000ed2fb888,0x00000000f2200000)
  from space 6656K, 91% used [0x00000000f2200000,0x00000000f27edbe0,0x00000000f2880000)
  to   space 7680K, 0% used [0x00000000f2c00000,0x00000000f2c00000,0x00000000f3380000)
 ParOldGen       total 30208K, used 19191K [0x00000000c1c00000, 0x00000000c3980000, 0x00000000eb400000)
  object space 30208K, 63% used [0x00000000c1c00000,0x00000000c2ebdee8,0x00000000c3980000)
 Metaspace       used 34061K, capacity 35340K, committed 35416K, reserved 1081344K
  class space    used 4315K, capacity 4589K, committed 4608K, reserved 1048576K
Event: 114.265 GC heap after
Heap after GC invocations=25 (full 1):
 PSYoungGen      total 122368K, used 6931K [0x00000000eb400000, 0x00000000f3700000, 0x0000000100000000)
  eden space 114688K, 0% used [0x00000000eb400000,0x00000000eb400000,0x00000000f2400000)
  from space 7680K, 90% used [0x00000000f2c00000,0x00000000f32c4f78,0x00000000f3380000)
  to   space 8192K, 0% used [0x00000000f2400000,0x00000000f2400000,0x00000000f2c00000)
 ParOldGen       total 30208K, used 19199K [0x00000000c1c00000, 0x00000000c3980000, 0x00000000eb400000)
  object space 30208K, 63% used [0x00000000c1c00000,0x00000000c2ebfee8,0x00000000c3980000)
 Metaspace       used 34061K, capacity 35340K, committed 35416K, reserved 1081344K
  class space    used 4315K, capacity 4589K, committed 4608K, reserved 1048576K
}
Event: 114.265 GC heap before
{Heap before GC invocations=26 (full 2):
 PSYoungGen      total 122368K, used 6931K [0x00000000eb400000, 0x00000000f3700000, 0x0000000100000000)
  eden space 114688K, 0% used [0x00000000eb400000,0x00000000eb400000,0x00000000f2400000)
  from space 7680K, 90% used [0x00000000f2c00000,0x00000000f32c4f78,0x00000000f3380000)
  to   space 8192K, 0% used [0x00000000f2400000,0x00000000f2400000,0x00000000f2c00000)
 ParOldGen       total 30208K, used 19199K [0x00000000c1c00000, 0x00000000c3980000, 0x00000000eb400000)
  object space 30208K, 63% used [0x00000000c1c00000,0x00000000c2ebfee8,0x00000000c3980000)
 Metaspace       used 34061K, capacity 35340K, committed 35416K, reserved 1081344K
  class space    used 4315K, capacity 4589K, committed 4608K, reserved 1048576K
Event: 114.535 GC heap after
Heap after GC invocations=26 (full 2):
 PSYoungGen      total 122368K, used 0K [0x00000000eb400000, 0x00000000f3700000, 0x0000000100000000)
  eden space 114688K, 0% used [0x00000000eb400000,0x00000000eb400000,0x00000000f2400000)
  from space 7680K, 0% used [0x00000000f2c00000,0x00000000f2c00000,0x00000000f3380000)
  to   space 8192K, 0% used [0x00000000f2400000,0x00000000f2400000,0x00000000f2c00000)
 ParOldGen       total 65024K, used 25245K [0x00000000c1c00000, 0x00000000c5b80000, 0x00000000eb400000)
  object space 65024K, 38% used [0x00000000c1c00000,0x00000000c34a7488,0x00000000c5b80000)
 Metaspace       used 34061K, capacity 35340K, committed 35416K, reserved 1081344K
  class space    used 4315K, capacity 4589K, committed 4608K, reserved 1048576K
}
Event: 114.652 GC heap before
{Heap before GC invocations=27 (full 2):
 PSYoungGen      total 122368K, used 114571K [0x00000000eb400000, 0x00000000f3700000, 0x0000000100000000)
  eden space 114688K, 99% used [0x00000000eb400000,0x00000000f23e2ee0,0x00000000f2400000)
  from space 7680K, 0% used [0x00000000f2c00000,0x00000000f2c00000,0x00000000f3380000)
  to   space 8192K, 0% used [0x00000000f2400000,0x00000000f2400000,0x00000000f2c00000)
 ParOldGen       total 65024K, used 25245K [0x00000000c1c00000, 0x00000000c5b80000, 0x00000000eb400000)
  object space 65024K, 38% used [0x00000000c1c00000,0x00000000c34a7488,0x00000000c5b80000)
 Metaspace       used 34115K, capacity 35436K, committed 35800K, reserved 1081344K
  class space    used 4323K, capacity 4621K, committed 4736K, reserved 1048576K
Event: 114.657 GC heap after
Heap after GC invocations=27 (full 2):
 PSYoungGen      total 122880K, used 328K [0x00000000eb400000, 0x00000000f3f00000, 0x0000000100000000)
  eden space 114688K, 0% used [0x00000000eb400000,0x00000000eb400000,0x00000000f2400000)
  from space 8192K, 4% used [0x00000000f2400000,0x00000000f2452268,0x00000000f2c00000)
  to   space 8704K, 0% used [0x00000000f3680000,0x00000000f3680000,0x00000000f3f00000)
 ParOldGen       total 65024K, used 25253K [0x00000000c1c00000, 0x00000000c5b80000, 0x00000000eb400000)
  object space 65024K, 38% used [0x00000000c1c00000,0x00000000c34a9488,0x00000000c5b80000)
 Metaspace       used 34115K, capacity 35436K, committed 35800K, reserved 1081344K
  class space    used 4323K, capacity 4621K, committed 4736K, reserved 1048576K
}
Event: 114.725 GC heap before
{Heap before GC invocations=28 (full 2):
 PSYoungGen      total 122880K, used 114921K [0x00000000eb400000, 0x00000000f3f00000, 0x0000000100000000)
  eden space 114688K, 99% used [0x00000000eb400000,0x00000000f23e8450,0x00000000f2400000)
  from space 8192K, 4% used [0x00000000f2400000,0x00000000f2452268,0x00000000f2c00000)
  to   space 8704K, 0% used [0x00000000f3680000,0x00000000f3680000,0x00000000f3f00000)
 ParOldGen       total 65024K, used 25253K [0x00000000c1c00000, 0x00000000c5b80000, 0x00000000eb400000)
  object space 65024K, 38% used [0x00000000c1c00000,0x00000000c34a9488,0x00000000c5b80000)
 Metaspace       used 34115K, capacity 35436K, committed 35800K, reserved 1081344K
  class space    used 4323K, capacity 4621K, committed 4736K, reserved 1048576K
Event: 114.730 GC heap after
Heap after GC invocations=28 (full 2):
 PSYoungGen      total 133632K, used 380K [0x00000000eb400000, 0x00000000f4980000, 0x0000000100000000)
  eden space 124928K, 0% used [0x00000000eb400000,0x00000000eb400000,0x00000000f2e00000)
  from space 8704K, 4% used [0x00000000f3680000,0x00000000f36df3f0,0x00000000f3f00000)
  to   space 8704K, 0% used [0x00000000f2e00000,0x00000000f2e00000,0x00000000f3680000)
 ParOldGen       total 65024K, used 25261K [0x00000000c1c00000, 0x00000000c5b80000, 0x00000000eb400000)
  object space 65024K, 38% used [0x00000000c1c00000,0x00000000c34ab488,0x00000000c5b80000)
 Metaspace       used 34115K, capacity 35436K, committed 35800K, reserved 1081344K
  class space    used 4323K, capacity 4621K, committed 4736K, reserved 1048576K
}

