# JRE version: Java(TM) SE Runtime Environment (8.0_251-b08) (build 1.8.0_251-b08)
# Java VM: Java HotSpot(TM) 64-Bit Server VM (25.251-b08 mixed mode windows-amd64 compressed oops)
Heap:
 PSYoungGen      total 103424K, used 80056K [0x00000000eb400000, 0x00000000f2780000, 0x0000000100000000)
  eden space 90624K, 77% used [0x00000000eb400000,0x00000000ef83bbf0,0x00000000f0c80000)
  from space 12800K, 79% used [0x00000000f1b00000,0x00000000f24f25e0,0x00000000f2780000)
  to   space 13824K, 0% used [0x00000000f0c80000,0x00000000f0c80000,0x00000000f1a00000)
 ParOldGen       total 49664K, used 16831K [0x00000000c1c00000, 0x00000000c4c80000, 0x00000000eb400000)
  object space 49664K, 33% used [0x00000000c1c00000,0x00000000c2c6fc10,0x00000000c4c80000)
 Metaspace       used 27995K, capacity 29142K, committed 29312K, reserved 1075200K
  class space    used 3650K, capacity 3890K, committed 3968K, reserved 1048576K
GC Heap History (10 events):
Event: 28.977 GC heap before
{Heap before GC invocations=11 (full 1):
 PSYoungGen      total 76288K, used 73719K [0x00000000eb400000, 0x00000000f1700000, 0x0000000100000000)
  eden space 64000K, 99% used [0x00000000eb400000,0x00000000ef214480,0x00000000ef280000)
  from space 12288K, 82% used [0x00000000ef280000,0x00000000efc69b50,0x00000000efe80000)
  to   space 13312K, 0% used [0x00000000f0a00000,0x00000000f0a00000,0x00000000f1700000)
 ParOldGen       total 49664K, used 16791K [0x00000000c1c00000, 0x00000000c4c80000, 0x00000000eb400000)
  object space 49664K, 33% used [0x00000000c1c00000,0x00000000c2c65c10,0x00000000c4c80000)
 Metaspace       used 27717K, capacity 28746K, committed 29056K, reserved 1075200K
  class space    used 3650K, capacity 3890K, committed 3968K, reserved 1048576K
Event: 28.988 GC heap after
Heap after GC invocations=11 (full 1):
 PSYoungGen      total 87040K, used 10705K [0x00000000eb400000, 0x00000000f1700000, 0x0000000100000000)
  eden space 73728K, 0% used [0x00000000eb400000,0x00000000eb400000,0x00000000efc00000)
  from space 13312K, 80% used [0x00000000f0a00000,0x00000000f14745e0,0x00000000f1700000)
  to   space 13824K, 0% used [0x00000000efc00000,0x00000000efc00000,0x00000000f0980000)
 ParOldGen       total 49664K, used 16799K [0x00000000c1c00000, 0x00000000c4c80000, 0x00000000eb400000)
  object space 49664K, 33% used [0x00000000c1c00000,0x00000000c2c67c10,0x00000000c4c80000)
 Metaspace       used 27717K, capacity 28746K, committed 29056K, reserved 1075200K
  class space    used 3650K, capacity 3890K, committed 3968K, reserved 1048576K
}
Event: 34.723 GC heap before
{Heap before GC invocations=12 (full 1):
 PSYoungGen      total 87040K, used 84360K [0x00000000eb400000, 0x00000000f1700000, 0x0000000100000000)
  eden space 73728K, 99% used [0x00000000eb400000,0x00000000efbedbb0,0x00000000efc00000)
  from space 13312K, 80% used [0x00000000f0a00000,0x00000000f14745e0,0x00000000f1700000)
  to   space 13824K, 0% used [0x00000000efc00000,0x00000000efc00000,0x00000000f0980000)
 ParOldGen       total 49664K, used 16799K [0x00000000c1c00000, 0x00000000c4c80000, 0x00000000eb400000)
  object space 49664K, 33% used [0x00000000c1c00000,0x00000000c2c67c10,0x00000000c4c80000)
 Metaspace       used 27789K, capacity 28938K, committed 29056K, reserved 1075200K
  class space    used 3650K, capacity 3890K, committed 3968K, reserved 1048576K
Event: 34.732 GC heap after
Heap after GC invocations=12 (full 1):
 PSYoungGen      total 87552K, used 8934K [0x00000000eb400000, 0x00000000f2000000, 0x0000000100000000)
  eden space 73728K, 0% used [0x00000000eb400000,0x00000000eb400000,0x00000000efc00000)
  from space 13824K, 64% used [0x00000000efc00000,0x00000000f04b9b50,0x00000000f0980000)
  to   space 13824K, 0% used [0x00000000f1280000,0x00000000f1280000,0x00000000f2000000)
 ParOldGen       total 49664K, used 16807K [0x00000000c1c00000, 0x00000000c4c80000, 0x00000000eb400000)
  object space 49664K, 33% used [0x00000000c1c00000,0x00000000c2c69c10,0x00000000c4c80000)
 Metaspace       used 27789K, capacity 28938K, committed 29056K, reserved 1075200K
  class space    used 3650K, capacity 3890K, committed 3968K, reserved 1048576K
}
Event: 40.651 GC heap before
{Heap before GC invocations=13 (full 1):
 PSYoungGen      total 87552K, used 82293K [0x00000000eb400000, 0x00000000f2000000, 0x0000000100000000)
  eden space 73728K, 99% used [0x00000000eb400000,0x00000000efba3aa8,0x00000000efc00000)
  from space 13824K, 64% used [0x00000000efc00000,0x00000000f04b9b50,0x00000000f0980000)
  to   space 13824K, 0% used [0x00000000f1280000,0x00000000f1280000,0x00000000f2000000)
 ParOldGen       total 49664K, used 16807K [0x00000000c1c00000, 0x00000000c4c80000, 0x00000000eb400000)
  object space 49664K, 33% used [0x00000000c1c00000,0x00000000c2c69c10,0x00000000c4c80000)
 Metaspace       used 27835K, capacity 28950K, committed 29056K, reserved 1075200K
  class space    used 3650K, capacity 3890K, committed 3968K, reserved 1048576K
Event: 40.673 GC heap after
Heap after GC invocations=13 (full 1):
 PSYoungGen      total 96768K, used 8950K [0x00000000eb400000, 0x00000000f2000000, 0x0000000100000000)
  eden space 82944K, 0% used [0x00000000eb400000,0x00000000eb400000,0x00000000f0500000)
  from space 13824K, 64% used [0x00000000f1280000,0x00000000f1b3db40,0x00000000f2000000)
  to   space 13824K, 0% used [0x00000000f0500000,0x00000000f0500000,0x00000000f1280000)
 ParOldGen       total 49664K, used 16815K [0x00000000c1c00000, 0x00000000c4c80000, 0x00000000eb400000)
  object space 49664K, 33% used [0x00000000c1c00000,0x00000000c2c6bc10,0x00000000c4c80000)
 Metaspace       used 27835K, capacity 28950K, committed 29056K, reserved 1075200K
  class space    used 3650K, capacity 3890K, committed 3968K, reserved 1048576K
}
Event: 47.105 GC heap before
{Heap before GC invocations=14 (full 1):
 PSYoungGen      total 96768K, used 90710K [0x00000000eb400000, 0x00000000f2000000, 0x0000000100000000)
  eden space 82944K, 98% used [0x00000000eb400000,0x00000000f03d7fa0,0x00000000f0500000)
  from space 13824K, 64% used [0x00000000f1280000,0x00000000f1b3db40,0x00000000f2000000)
  to   space 13824K, 0% used [0x00000000f0500000,0x00000000f0500000,0x00000000f1280000)
 ParOldGen       total 49664K, used 16815K [0x00000000c1c00000, 0x00000000c4c80000, 0x00000000eb400000)
  object space 49664K, 33% used [0x00000000c1c00000,0x00000000c2c6bc10,0x00000000c4c80000)
 Metaspace       used 27894K, capacity 29014K, committed 29312K, reserved 1075200K
  class space    used 3650K, capacity 3890K, committed 3968K, reserved 1048576K
Event: 47.114 GC heap after
Heap after GC invocations=14 (full 1):
 PSYoungGen      total 96768K, used 8953K [0x00000000eb400000, 0x00000000f2880000, 0x0000000100000000)
  eden space 82944K, 0% used [0x00000000eb400000,0x00000000eb400000,0x00000000f0500000)
  from space 13824K, 64% used [0x00000000f0500000,0x00000000f0dbe5d0,0x00000000f1280000)
  to   space 13824K, 0% used [0x00000000f1b00000,0x00000000f1b00000,0x00000000f2880000)
 ParOldGen       total 49664K, used 16823K [0x00000000c1c00000, 0x00000000c4c80000, 0x00000000eb400000)
  object space 49664K, 33% used [0x00000000c1c00000,0x00000000c2c6dc10,0x00000000c4c80000)
 Metaspace       used 27894K, capacity 29014K, committed 29312K, reserved 1075200K
  class space    used 3650K, capacity 3890K, committed 3968K, reserved 1048576K
}
Event: 53.771 GC heap before
{Heap before GC invocations=15 (full 1):
 PSYoungGen      total 96768K, used 90882K [0x00000000eb400000, 0x00000000f2880000, 0x0000000100000000)
  eden space 82944K, 98% used [0x00000000eb400000,0x00000000f04022b0,0x00000000f0500000)
  from space 13824K, 64% used [0x00000000f0500000,0x00000000f0dbe5d0,0x00000000f1280000)
  to   space 13824K, 0% used [0x00000000f1b00000,0x00000000f1b00000,0x00000000f2880000)
 ParOldGen       total 49664K, used 16823K [0x00000000c1c00000, 0x00000000c4c80000, 0x00000000eb400000)
  object space 49664K, 33% used [0x00000000c1c00000,0x00000000c2c6dc10,0x00000000c4c80000)
 Metaspace       used 27935K, capacity 29014K, committed 29312K, reserved 1075200K
  class space    used 3650K, capacity 3890K, committed 3968K, reserved 1048576K
Event: 53.781 GC heap after
Heap after GC invocations=15 (full 1):
 PSYoungGen      total 103424K, used 10185K [0x00000000eb400000, 0x00000000f2780000, 0x0000000100000000)
  eden space 90624K, 0% used [0x00000000eb400000,0x00000000eb400000,0x00000000f0c80000)
  from space 12800K, 79% used [0x00000000f1b00000,0x00000000f24f25e0,0x00000000f2780000)
  to   space 13824K, 0% used [0x00000000f0c80000,0x00000000f0c80000,0x00000000f1a00000)
 ParOldGen       total 49664K, used 16831K [0x00000000c1c00000, 0x00000000c4c80000, 0x00000000eb400000)
  object space 49664K, 33% used [0x00000000c1c00000,0x00000000c2c6fc10,0x00000000c4c80000)
 Metaspace       used 27935K, capacity 29014K, committed 29312K, reserved 1075200K
  class space    used 3650K, capacity 3890K, committed 3968K, reserved 1048576K
}

