# JRE version: Java(TM) SE Runtime Environment (8.0_221-b11) (build 1.8.0_221-b11)
# Java VM: Java HotSpot(TM) 64-Bit Server VM (25.221-b11 mixed mode windows-amd64 compressed oops)
Heap:
 PSYoungGen      total 27136K, used 13574K [0x00000000eb400000, 0x00000000ed580000, 0x0000000100000000)
  eden space 24064K, 43% used [0x00000000eb400000,0x00000000ebe44280,0x00000000ecb80000)
  from space 3072K, 99% used [0x00000000ecc00000,0x00000000ecefd590,0x00000000ecf00000)
  to   space 5120K, 0% used [0x00000000ed080000,0x00000000ed080000,0x00000000ed580000)
 ParOldGen       total 49152K, used 23985K [0x00000000c1c00000, 0x00000000c4c00000, 0x00000000eb400000)
  object space 49152K, 48% used [0x00000000c1c00000,0x00000000c336c660,0x00000000c4c00000)
 Metaspace       used 28879K, capacity 30026K, committed 30208K, reserved 1075200K
  class space    used 3698K, capacity 3970K, committed 4096K, reserved 1048576K
GC Heap History (10 events):
Event: 234.461 GC heap before
{Heap before GC invocations=116 (full 1):
 PSYoungGen      total 29184K, used 24811K [0x00000000eb400000, 0x00000000ed600000, 0x0000000100000000)
  eden space 23552K, 99% used [0x00000000eb400000,0x00000000ecae6ee8,0x00000000ecb00000)
  from space 5632K, 24% used [0x00000000ed080000,0x00000000ed1d4010,0x00000000ed600000)
  to   space 5632K, 0% used [0x00000000ecb00000,0x00000000ecb00000,0x00000000ed080000)
 ParOldGen       total 49152K, used 23929K [0x00000000c1c00000, 0x00000000c4c00000, 0x00000000eb400000)
  object space 49152K, 48% used [0x00000000c1c00000,0x00000000c335e660,0x00000000c4c00000)
 Metaspace       used 28317K, capacity 29456K, committed 29568K, reserved 1075200K
  class space    used 3663K, capacity 3931K, committed 3968K, reserved 1048576K
Event: 234.463 GC heap after
Heap after GC invocations=116 (full 1):
 PSYoungGen      total 29184K, used 3760K [0x00000000eb400000, 0x00000000ed800000, 0x0000000100000000)
  eden space 23552K, 0% used [0x00000000eb400000,0x00000000eb400000,0x00000000ecb00000)
  from space 5632K, 66% used [0x00000000ecb00000,0x00000000eceac030,0x00000000ed080000)
  to   space 6144K, 0% used [0x00000000ed200000,0x00000000ed200000,0x00000000ed800000)
 ParOldGen       total 49152K, used 23937K [0x00000000c1c00000, 0x00000000c4c00000, 0x00000000eb400000)
  object space 49152K, 48% used [0x00000000c1c00000,0x00000000c3360660,0x00000000c4c00000)
 Metaspace       used 28317K, capacity 29456K, committed 29568K, reserved 1075200K
  class space    used 3663K, capacity 3931K, committed 3968K, reserved 1048576K
}
Event: 234.874 GC heap before
{Heap before GC invocations=117 (full 1):
 PSYoungGen      total 29184K, used 27312K [0x00000000eb400000, 0x00000000ed800000, 0x0000000100000000)
  eden space 23552K, 100% used [0x00000000eb400000,0x00000000ecb00000,0x00000000ecb00000)
  from space 5632K, 66% used [0x00000000ecb00000,0x00000000eceac030,0x00000000ed080000)
  to   space 6144K, 0% used [0x00000000ed200000,0x00000000ed200000,0x00000000ed800000)
 ParOldGen       total 49152K, used 23937K [0x00000000c1c00000, 0x00000000c4c00000, 0x00000000eb400000)
  object space 49152K, 48% used [0x00000000c1c00000,0x00000000c3360660,0x00000000c4c00000)
 Metaspace       used 28317K, capacity 29456K, committed 29568K, reserved 1075200K
  class space    used 3663K, capacity 3931K, committed 3968K, reserved 1048576K
Event: 234.878 GC heap after
Heap after GC invocations=117 (full 1):
 PSYoungGen      total 30720K, used 1296K [0x00000000eb400000, 0x00000000ed780000, 0x0000000100000000)
  eden space 25088K, 0% used [0x00000000eb400000,0x00000000eb400000,0x00000000ecc80000)
  from space 5632K, 23% used [0x00000000ed200000,0x00000000ed344010,0x00000000ed780000)
  to   space 5632K, 0% used [0x00000000ecc80000,0x00000000ecc80000,0x00000000ed200000)
 ParOldGen       total 49152K, used 23937K [0x00000000c1c00000, 0x00000000c4c00000, 0x00000000eb400000)
  object space 49152K, 48% used [0x00000000c1c00000,0x00000000c3360660,0x00000000c4c00000)
 Metaspace       used 28317K, capacity 29456K, committed 29568K, reserved 1075200K
  class space    used 3663K, capacity 3931K, committed 3968K, reserved 1048576K
}
Event: 235.281 GC heap before
{Heap before GC invocations=118 (full 1):
 PSYoungGen      total 30720K, used 26043K [0x00000000eb400000, 0x00000000ed780000, 0x0000000100000000)
  eden space 25088K, 98% used [0x00000000eb400000,0x00000000ecc2adc0,0x00000000ecc80000)
  from space 5632K, 23% used [0x00000000ed200000,0x00000000ed344010,0x00000000ed780000)
  to   space 5632K, 0% used [0x00000000ecc80000,0x00000000ecc80000,0x00000000ed200000)
 ParOldGen       total 49152K, used 23937K [0x00000000c1c00000, 0x00000000c4c00000, 0x00000000eb400000)
  object space 49152K, 48% used [0x00000000c1c00000,0x00000000c3360660,0x00000000c4c00000)
 Metaspace       used 28320K, capacity 29456K, committed 29568K, reserved 1075200K
  class space    used 3663K, capacity 3931K, committed 3968K, reserved 1048576K
Event: 235.283 GC heap after
Heap after GC invocations=118 (full 1):
 PSYoungGen      total 30720K, used 1328K [0x00000000eb400000, 0x00000000ed880000, 0x0000000100000000)
  eden space 25088K, 0% used [0x00000000eb400000,0x00000000eb400000,0x00000000ecc80000)
  from space 5632K, 23% used [0x00000000ecc80000,0x00000000ecdcc010,0x00000000ed200000)
  to   space 5632K, 0% used [0x00000000ed300000,0x00000000ed300000,0x00000000ed880000)
 ParOldGen       total 49152K, used 23937K [0x00000000c1c00000, 0x00000000c4c00000, 0x00000000eb400000)
  object space 49152K, 48% used [0x00000000c1c00000,0x00000000c3360660,0x00000000c4c00000)
 Metaspace       used 28320K, capacity 29456K, committed 29568K, reserved 1075200K
  class space    used 3663K, capacity 3931K, committed 3968K, reserved 1048576K
}
Event: 245.123 GC heap before
{Heap before GC invocations=119 (full 1):
 PSYoungGen      total 30720K, used 26416K [0x00000000eb400000, 0x00000000ed880000, 0x0000000100000000)
  eden space 25088K, 100% used [0x00000000eb400000,0x00000000ecc80000,0x00000000ecc80000)
  from space 5632K, 23% used [0x00000000ecc80000,0x00000000ecdcc010,0x00000000ed200000)
  to   space 5632K, 0% used [0x00000000ed300000,0x00000000ed300000,0x00000000ed880000)
 ParOldGen       total 49152K, used 23937K [0x00000000c1c00000, 0x00000000c4c00000, 0x00000000eb400000)
  object space 49152K, 48% used [0x00000000c1c00000,0x00000000c3360660,0x00000000c4c00000)
 Metaspace       used 28688K, capacity 29814K, committed 29824K, reserved 1075200K
  class space    used 3693K, capacity 3964K, committed 3968K, reserved 1048576K
Event: 245.132 GC heap after
Heap after GC invocations=119 (full 1):
 PSYoungGen      total 27648K, used 2194K [0x00000000eb400000, 0x00000000ed600000, 0x0000000100000000)
  eden space 24576K, 0% used [0x00000000eb400000,0x00000000eb400000,0x00000000ecc00000)
  from space 3072K, 71% used [0x00000000ed300000,0x00000000ed524ae0,0x00000000ed600000)
  to   space 5120K, 0% used [0x00000000ecc00000,0x00000000ecc00000,0x00000000ed100000)
 ParOldGen       total 49152K, used 23953K [0x00000000c1c00000, 0x00000000c4c00000, 0x00000000eb400000)
  object space 49152K, 48% used [0x00000000c1c00000,0x00000000c3364660,0x00000000c4c00000)
 Metaspace       used 28688K, capacity 29814K, committed 29824K, reserved 1075200K
  class space    used 3693K, capacity 3964K, committed 3968K, reserved 1048576K
}
Event: 360.842 GC heap before
{Heap before GC invocations=120 (full 1):
 PSYoungGen      total 27648K, used 26770K [0x00000000eb400000, 0x00000000ed600000, 0x0000000100000000)
  eden space 24576K, 100% used [0x00000000eb400000,0x00000000ecc00000,0x00000000ecc00000)
  from space 3072K, 71% used [0x00000000ed300000,0x00000000ed524ae0,0x00000000ed600000)
  to   space 5120K, 0% used [0x00000000ecc00000,0x00000000ecc00000,0x00000000ed100000)
 ParOldGen       total 49152K, used 23953K [0x00000000c1c00000, 0x00000000c4c00000, 0x00000000eb400000)
  object space 49152K, 48% used [0x00000000c1c00000,0x00000000c3364660,0x00000000c4c00000)
 Metaspace       used 28872K, capacity 30026K, committed 30208K, reserved 1075200K
  class space    used 3698K, capacity 3970K, committed 4096K, reserved 1048576K
Event: 360.846 GC heap after
Heap after GC invocations=120 (full 1):
 PSYoungGen      total 27136K, used 3061K [0x00000000eb400000, 0x00000000ed580000, 0x0000000100000000)
  eden space 24064K, 0% used [0x00000000eb400000,0x00000000eb400000,0x00000000ecb80000)
  from space 3072K, 99% used [0x00000000ecc00000,0x00000000ecefd590,0x00000000ecf00000)
  to   space 5120K, 0% used [0x00000000ed080000,0x00000000ed080000,0x00000000ed580000)
 ParOldGen       total 49152K, used 23985K [0x00000000c1c00000, 0x00000000c4c00000, 0x00000000eb400000)
  object space 49152K, 48% used [0x00000000c1c00000,0x00000000c336c660,0x00000000c4c00000)
 Metaspace       used 28872K, capacity 30026K, committed 30208K, reserved 1075200K
  class space    used 3698K, capacity 3970K, committed 4096K, reserved 1048576K
}

