# JRE version: Java(TM) SE Runtime Environment (8.0_221-b11) (build 1.8.0_221-b11)
# Java VM: Java HotSpot(TM) 64-Bit Server VM (25.221-b11 mixed mode windows-amd64 compressed oops)
Heap:
 PSYoungGen      total 27136K, used 7602K [0x00000000eb400000, 0x00000000ed600000, 0x0000000100000000)
  eden space 20480K, 12% used [0x00000000eb400000,0x00000000eb6947f8,0x00000000ec800000)
  from space 6656K, 74% used [0x00000000ec800000,0x00000000eccd8040,0x00000000ece80000)
  to   space 7168K, 0% used [0x00000000ecf00000,0x00000000ecf00000,0x00000000ed600000)
 ParOldGen       total 57344K, used 30325K [0x00000000c1c00000, 0x00000000c5400000, 0x00000000eb400000)
  object space 57344K, 52% used [0x00000000c1c00000,0x00000000c399d450,0x00000000c5400000)
 Metaspace       used 31058K, capacity 32142K, committed 32384K, reserved 1077248K
  class space    used 3959K, capacity 4222K, committed 4224K, reserved 1048576K
GC Heap History (10 events):
Event: 278.907 GC heap before
{Heap before GC invocations=277 (full 2):
 PSYoungGen      total 26624K, used 23941K [0x00000000eb400000, 0x00000000ed500000, 0x0000000100000000)
  eden space 20992K, 96% used [0x00000000eb400000,0x00000000ec7b54b8,0x00000000ec880000)
  from space 5632K, 66% used [0x00000000ece80000,0x00000000ed22c030,0x00000000ed400000)
  to   space 6144K, 0% used [0x00000000ec880000,0x00000000ec880000,0x00000000ece80000)
 ParOldGen       total 57344K, used 30309K [0x00000000c1c00000, 0x00000000c5400000, 0x00000000eb400000)
  object space 57344K, 52% used [0x00000000c1c00000,0x00000000c3999450,0x00000000c5400000)
 Metaspace       used 31023K, capacity 32142K, committed 32384K, reserved 1077248K
  class space    used 3959K, capacity 4222K, committed 4224K, reserved 1048576K
Event: 278.909 GC heap after
Heap after GC invocations=277 (full 2):
 PSYoungGen      total 27136K, used 3760K [0x00000000eb400000, 0x00000000ed480000, 0x0000000100000000)
  eden space 20992K, 0% used [0x00000000eb400000,0x00000000eb400000,0x00000000ec880000)
  from space 6144K, 61% used [0x00000000ec880000,0x00000000ecc2c030,0x00000000ece80000)
  to   space 6144K, 0% used [0x00000000ece80000,0x00000000ece80000,0x00000000ed480000)
 ParOldGen       total 57344K, used 30317K [0x00000000c1c00000, 0x00000000c5400000, 0x00000000eb400000)
  object space 57344K, 52% used [0x00000000c1c00000,0x00000000c399b450,0x00000000c5400000)
 Metaspace       used 31023K, capacity 32142K, committed 32384K, reserved 1077248K
  class space    used 3959K, capacity 4222K, committed 4224K, reserved 1048576K
}
Event: 279.508 GC heap before
{Heap before GC invocations=278 (full 2):
 PSYoungGen      total 27136K, used 23718K [0x00000000eb400000, 0x00000000ed480000, 0x0000000100000000)
  eden space 20992K, 95% used [0x00000000eb400000,0x00000000ec77daf8,0x00000000ec880000)
  from space 6144K, 61% used [0x00000000ec880000,0x00000000ecc2c030,0x00000000ece80000)
  to   space 6144K, 0% used [0x00000000ece80000,0x00000000ece80000,0x00000000ed480000)
 ParOldGen       total 57344K, used 30317K [0x00000000c1c00000, 0x00000000c5400000, 0x00000000eb400000)
  object space 57344K, 52% used [0x00000000c1c00000,0x00000000c399b450,0x00000000c5400000)
 Metaspace       used 31023K, capacity 32142K, committed 32384K, reserved 1077248K
  class space    used 3959K, capacity 4222K, committed 4224K, reserved 1048576K
Event: 279.511 GC heap after
Heap after GC invocations=278 (full 2):
 PSYoungGen      total 27136K, used 3760K [0x00000000eb400000, 0x00000000ed480000, 0x0000000100000000)
  eden space 20992K, 0% used [0x00000000eb400000,0x00000000eb400000,0x00000000ec880000)
  from space 6144K, 61% used [0x00000000ece80000,0x00000000ed22c030,0x00000000ed480000)
  to   space 6144K, 0% used [0x00000000ec880000,0x00000000ec880000,0x00000000ece80000)
 ParOldGen       total 57344K, used 30325K [0x00000000c1c00000, 0x00000000c5400000, 0x00000000eb400000)
  object space 57344K, 52% used [0x00000000c1c00000,0x00000000c399d450,0x00000000c5400000)
 Metaspace       used 31023K, capacity 32142K, committed 32384K, reserved 1077248K
  class space    used 3959K, capacity 4222K, committed 4224K, reserved 1048576K
}
Event: 279.990 GC heap before
{Heap before GC invocations=279 (full 2):
 PSYoungGen      total 27136K, used 23689K [0x00000000eb400000, 0x00000000ed480000, 0x0000000100000000)
  eden space 20992K, 94% used [0x00000000eb400000,0x00000000ec776540,0x00000000ec880000)
  from space 6144K, 61% used [0x00000000ece80000,0x00000000ed22c030,0x00000000ed480000)
  to   space 6144K, 0% used [0x00000000ec880000,0x00000000ec880000,0x00000000ece80000)
 ParOldGen       total 57344K, used 30325K [0x00000000c1c00000, 0x00000000c5400000, 0x00000000eb400000)
  object space 57344K, 52% used [0x00000000c1c00000,0x00000000c399d450,0x00000000c5400000)
 Metaspace       used 31033K, capacity 32142K, committed 32384K, reserved 1077248K
  class space    used 3959K, capacity 4222K, committed 4224K, reserved 1048576K
Event: 279.992 GC heap after
Heap after GC invocations=279 (full 2):
 PSYoungGen      total 27136K, used 3728K [0x00000000eb400000, 0x00000000ed480000, 0x0000000100000000)
  eden space 20992K, 0% used [0x00000000eb400000,0x00000000eb400000,0x00000000ec880000)
  from space 6144K, 60% used [0x00000000ec880000,0x00000000ecc24030,0x00000000ece80000)
  to   space 6144K, 0% used [0x00000000ece80000,0x00000000ece80000,0x00000000ed480000)
 ParOldGen       total 57344K, used 30325K [0x00000000c1c00000, 0x00000000c5400000, 0x00000000eb400000)
  object space 57344K, 52% used [0x00000000c1c00000,0x00000000c399d450,0x00000000c5400000)
 Metaspace       used 31033K, capacity 32142K, committed 32384K, reserved 1077248K
  class space    used 3959K, capacity 4222K, committed 4224K, reserved 1048576K
}
Event: 280.672 GC heap before
{Heap before GC invocations=280 (full 2):
 PSYoungGen      total 27136K, used 23610K [0x00000000eb400000, 0x00000000ed480000, 0x0000000100000000)
  eden space 20992K, 94% used [0x00000000eb400000,0x00000000ec76a820,0x00000000ec880000)
  from space 6144K, 60% used [0x00000000ec880000,0x00000000ecc24030,0x00000000ece80000)
  to   space 6144K, 0% used [0x00000000ece80000,0x00000000ece80000,0x00000000ed480000)
 ParOldGen       total 57344K, used 30325K [0x00000000c1c00000, 0x00000000c5400000, 0x00000000eb400000)
  object space 57344K, 52% used [0x00000000c1c00000,0x00000000c399d450,0x00000000c5400000)
 Metaspace       used 31033K, capacity 32142K, committed 32384K, reserved 1077248K
  class space    used 3959K, capacity 4222K, committed 4224K, reserved 1048576K
Event: 280.674 GC heap after
Heap after GC invocations=280 (full 2):
 PSYoungGen      total 26624K, used 4960K [0x00000000eb400000, 0x00000000ed580000, 0x0000000100000000)
  eden space 20480K, 0% used [0x00000000eb400000,0x00000000eb400000,0x00000000ec800000)
  from space 6144K, 80% used [0x00000000ece80000,0x00000000ed358040,0x00000000ed480000)
  to   space 6656K, 0% used [0x00000000ec800000,0x00000000ec800000,0x00000000ece80000)
 ParOldGen       total 57344K, used 30325K [0x00000000c1c00000, 0x00000000c5400000, 0x00000000eb400000)
  object space 57344K, 52% used [0x00000000c1c00000,0x00000000c399d450,0x00000000c5400000)
 Metaspace       used 31033K, capacity 32142K, committed 32384K, reserved 1077248K
  class space    used 3959K, capacity 4222K, committed 4224K, reserved 1048576K
}
Event: 281.183 GC heap before
{Heap before GC invocations=281 (full 2):
 PSYoungGen      total 26624K, used 24890K [0x00000000eb400000, 0x00000000ed580000, 0x0000000100000000)
  eden space 20480K, 97% used [0x00000000eb400000,0x00000000ec776840,0x00000000ec800000)
  from space 6144K, 80% used [0x00000000ece80000,0x00000000ed358040,0x00000000ed480000)
  to   space 6656K, 0% used [0x00000000ec800000,0x00000000ec800000,0x00000000ece80000)
 ParOldGen       total 57344K, used 30325K [0x00000000c1c00000, 0x00000000c5400000, 0x00000000eb400000)
  object space 57344K, 52% used [0x00000000c1c00000,0x00000000c399d450,0x00000000c5400000)
 Metaspace       used 31034K, capacity 32142K, committed 32384K, reserved 1077248K
  class space    used 3959K, capacity 4222K, committed 4224K, reserved 1048576K
Event: 281.185 GC heap after
Heap after GC invocations=281 (full 2):
 PSYoungGen      total 27136K, used 4960K [0x00000000eb400000, 0x00000000ed600000, 0x0000000100000000)
  eden space 20480K, 0% used [0x00000000eb400000,0x00000000eb400000,0x00000000ec800000)
  from space 6656K, 74% used [0x00000000ec800000,0x00000000eccd8040,0x00000000ece80000)
  to   space 7168K, 0% used [0x00000000ecf00000,0x00000000ecf00000,0x00000000ed600000)
 ParOldGen       total 57344K, used 30325K [0x00000000c1c00000, 0x00000000c5400000, 0x00000000eb400000)
  object space 57344K, 52% used [0x00000000c1c00000,0x00000000c399d450,0x00000000c5400000)
 Metaspace       used 31034K, capacity 32142K, committed 32384K, reserved 1077248K
  class space    used 3959K, capacity 4222K, committed 4224K, reserved 1048576K
}

