# JRE version: Java(TM) SE Runtime Environment (8.0_221-b11) (build 1.8.0_221-b11)
# Java VM: Java HotSpot(TM) 64-Bit Server VM (25.221-b11 mixed mode windows-amd64 compressed oops)
Heap:
 PSYoungGen      total 30720K, used 443K [0x00000000eb400000, 0x00000000ed900000, 0x0000000100000000)
  eden space 23552K, 1% used [0x00000000eb400000,0x00000000eb446e48,0x00000000ecb00000)
  from space 7168K, 2% used [0x00000000ecb00000,0x00000000ecb28000,0x00000000ed200000)
  to   space 7168K, 0% used [0x00000000ed200000,0x00000000ed200000,0x00000000ed900000)
 ParOldGen       total 86016K, used 77265K [0x00000000c1c00000, 0x00000000c7000000, 0x00000000eb400000)
  object space 86016K, 89% used [0x00000000c1c00000,0x00000000c6774720,0x00000000c7000000)
 Metaspace       used 38755K, capacity 40482K, committed 40664K, reserved 1085440K
  class space    used 4715K, capacity 5044K, committed 5080K, reserved 1048576K
GC Heap History (10 events):
Event: 1096.789 GC heap before
{Heap before GC invocations=958 (full 13):
 PSYoungGen      total 30720K, used 24746K [0x00000000eb400000, 0x00000000ed880000, 0x0000000100000000)
  eden space 24064K, 96% used [0x00000000eb400000,0x00000000ecaca820,0x00000000ecb80000)
  from space 6656K, 21% used [0x00000000ed200000,0x00000000ed360240,0x00000000ed880000)
  to   space 6656K, 0% used [0x00000000ecb80000,0x00000000ecb80000,0x00000000ed200000)
 ParOldGen       total 86016K, used 49631K [0x00000000c1c00000, 0x00000000c7000000, 0x00000000eb400000)
  object space 86016K, 57% used [0x00000000c1c00000,0x00000000c4c77e00,0x00000000c7000000)
 Metaspace       used 38742K, capacity 40482K, committed 40664K, reserved 1085440K
  class space    used 4715K, capacity 5044K, committed 5080K, reserved 1048576K
Event: 1096.792 GC heap after
Heap after GC invocations=958 (full 13):
 PSYoungGen      total 30720K, used 4960K [0x00000000eb400000, 0x00000000ed980000, 0x0000000100000000)
  eden space 24064K, 0% used [0x00000000eb400000,0x00000000eb400000,0x00000000ecb80000)
  from space 6656K, 74% used [0x00000000ecb80000,0x00000000ed058040,0x00000000ed200000)
  to   space 7168K, 0% used [0x00000000ed280000,0x00000000ed280000,0x00000000ed980000)
 ParOldGen       total 86016K, used 49631K [0x00000000c1c00000, 0x00000000c7000000, 0x00000000eb400000)
  object space 86016K, 57% used [0x00000000c1c00000,0x00000000c4c77e00,0x00000000c7000000)
 Metaspace       used 38742K, capacity 40482K, committed 40664K, reserved 1085440K
  class space    used 4715K, capacity 5044K, committed 5080K, reserved 1048576K
}
Event: 1097.779 GC heap before
{Heap before GC invocations=959 (full 13):
 PSYoungGen      total 30720K, used 28302K [0x00000000eb400000, 0x00000000ed980000, 0x0000000100000000)
  eden space 24064K, 97% used [0x00000000eb400000,0x00000000ecacba00,0x00000000ecb80000)
  from space 6656K, 74% used [0x00000000ecb80000,0x00000000ed058040,0x00000000ed200000)
  to   space 7168K, 0% used [0x00000000ed280000,0x00000000ed280000,0x00000000ed980000)
 ParOldGen       total 86016K, used 49631K [0x00000000c1c00000, 0x00000000c7000000, 0x00000000eb400000)
  object space 86016K, 57% used [0x00000000c1c00000,0x00000000c4c77e00,0x00000000c7000000)
 Metaspace       used 38742K, capacity 40482K, committed 40664K, reserved 1085440K
  class space    used 4715K, capacity 5044K, committed 5080K, reserved 1048576K
Event: 1097.782 GC heap after
Heap after GC invocations=959 (full 13):
 PSYoungGen      total 30208K, used 1328K [0x00000000eb400000, 0x00000000ed880000, 0x0000000100000000)
  eden space 24064K, 0% used [0x00000000eb400000,0x00000000eb400000,0x00000000ecb80000)
  from space 6144K, 21% used [0x00000000ed280000,0x00000000ed3cc010,0x00000000ed880000)
  to   space 6656K, 0% used [0x00000000ecb80000,0x00000000ecb80000,0x00000000ed200000)
 ParOldGen       total 86016K, used 49631K [0x00000000c1c00000, 0x00000000c7000000, 0x00000000eb400000)
  object space 86016K, 57% used [0x00000000c1c00000,0x00000000c4c77e00,0x00000000c7000000)
 Metaspace       used 38742K, capacity 40482K, committed 40664K, reserved 1085440K
  class space    used 4715K, capacity 5044K, committed 5080K, reserved 1048576K
}
Event: 1098.666 GC heap before
{Heap before GC invocations=960 (full 13):
 PSYoungGen      total 30208K, used 24689K [0x00000000eb400000, 0x00000000ed880000, 0x0000000100000000)
  eden space 24064K, 97% used [0x00000000eb400000,0x00000000ecad04e8,0x00000000ecb80000)
  from space 6144K, 21% used [0x00000000ed280000,0x00000000ed3cc010,0x00000000ed880000)
  to   space 6656K, 0% used [0x00000000ecb80000,0x00000000ecb80000,0x00000000ed200000)
 ParOldGen       total 86016K, used 49631K [0x00000000c1c00000, 0x00000000c7000000, 0x00000000eb400000)
  object space 86016K, 57% used [0x00000000c1c00000,0x00000000c4c77e00,0x00000000c7000000)
 Metaspace       used 38742K, capacity 40482K, committed 40664K, reserved 1085440K
  class space    used 4715K, capacity 5044K, committed 5080K, reserved 1048576K
Event: 1098.669 GC heap after
Heap after GC invocations=960 (full 13):
 PSYoungGen      total 30720K, used 3760K [0x00000000eb400000, 0x00000000ed880000, 0x0000000100000000)
  eden space 24064K, 0% used [0x00000000eb400000,0x00000000eb400000,0x00000000ecb80000)
  from space 6656K, 56% used [0x00000000ecb80000,0x00000000ecf2c030,0x00000000ed200000)
  to   space 6656K, 0% used [0x00000000ed200000,0x00000000ed200000,0x00000000ed880000)
 ParOldGen       total 86016K, used 49631K [0x00000000c1c00000, 0x00000000c7000000, 0x00000000eb400000)
  object space 86016K, 57% used [0x00000000c1c00000,0x00000000c4c77e00,0x00000000c7000000)
 Metaspace       used 38742K, capacity 40482K, committed 40664K, reserved 1085440K
  class space    used 4715K, capacity 5044K, committed 5080K, reserved 1048576K
}
Event: 1099.685 GC heap before
{Heap before GC invocations=961 (full 13):
 PSYoungGen      total 30720K, used 26966K [0x00000000eb400000, 0x00000000ed880000, 0x0000000100000000)
  eden space 24064K, 96% used [0x00000000eb400000,0x00000000ecaa9878,0x00000000ecb80000)
  from space 6656K, 56% used [0x00000000ecb80000,0x00000000ecf2c030,0x00000000ed200000)
  to   space 6656K, 0% used [0x00000000ed200000,0x00000000ed200000,0x00000000ed880000)
 ParOldGen       total 86016K, used 50831K [0x00000000c1c00000, 0x00000000c7000000, 0x00000000eb400000)
  object space 86016K, 59% used [0x00000000c1c00000,0x00000000c4da3e10,0x00000000c7000000)
 Metaspace       used 38743K, capacity 40482K, committed 40664K, reserved 1085440K
  class space    used 4715K, capacity 5044K, committed 5080K, reserved 1048576K
Event: 1099.688 GC heap after
Heap after GC invocations=961 (full 13):
 PSYoungGen      total 30208K, used 4928K [0x00000000eb400000, 0x00000000ed980000, 0x0000000100000000)
  eden space 23552K, 0% used [0x00000000eb400000,0x00000000eb400000,0x00000000ecb00000)
  from space 6656K, 74% used [0x00000000ed200000,0x00000000ed6d0040,0x00000000ed880000)
  to   space 7168K, 0% used [0x00000000ecb00000,0x00000000ecb00000,0x00000000ed200000)
 ParOldGen       total 86016K, used 50847K [0x00000000c1c00000, 0x00000000c7000000, 0x00000000eb400000)
  object space 86016K, 59% used [0x00000000c1c00000,0x00000000c4da7e10,0x00000000c7000000)
 Metaspace       used 38743K, capacity 40482K, committed 40664K, reserved 1085440K
  class space    used 4715K, capacity 5044K, committed 5080K, reserved 1048576K
}
Event: 1102.002 GC heap before
{Heap before GC invocations=962 (full 13):
 PSYoungGen      total 30208K, used 28480K [0x00000000eb400000, 0x00000000ed980000, 0x0000000100000000)
  eden space 23552K, 100% used [0x00000000eb400000,0x00000000ecb00000,0x00000000ecb00000)
  from space 6656K, 74% used [0x00000000ed200000,0x00000000ed6d0040,0x00000000ed880000)
  to   space 7168K, 0% used [0x00000000ecb00000,0x00000000ecb00000,0x00000000ed200000)
 ParOldGen       total 86016K, used 77249K [0x00000000c1c00000, 0x00000000c7000000, 0x00000000eb400000)
  object space 86016K, 89% used [0x00000000c1c00000,0x00000000c6770720,0x00000000c7000000)
 Metaspace       used 38754K, capacity 40482K, committed 40664K, reserved 1085440K
  class space    used 4715K, capacity 5044K, committed 5080K, reserved 1048576K
Event: 1102.005 GC heap after
Heap after GC invocations=962 (full 13):
 PSYoungGen      total 30720K, used 160K [0x00000000eb400000, 0x00000000ed900000, 0x0000000100000000)
  eden space 23552K, 0% used [0x00000000eb400000,0x00000000eb400000,0x00000000ecb00000)
  from space 7168K, 2% used [0x00000000ecb00000,0x00000000ecb28000,0x00000000ed200000)
  to   space 7168K, 0% used [0x00000000ed200000,0x00000000ed200000,0x00000000ed900000)
 ParOldGen       total 86016K, used 77265K [0x00000000c1c00000, 0x00000000c7000000, 0x00000000eb400000)
  object space 86016K, 89% used [0x00000000c1c00000,0x00000000c6774720,0x00000000c7000000)
 Metaspace       used 38754K, capacity 40482K, committed 40664K, reserved 1085440K
  class space    used 4715K, capacity 5044K, committed 5080K, reserved 1048576K
}

