# JRE version: Java(TM) SE Runtime Environment (8.0_221-b11) (build 1.8.0_221-b11)
# Java VM: Java HotSpot(TM) 64-Bit Server VM (25.221-b11 mixed mode windows-amd64 compressed oops)
Heap:
 PSYoungGen      total 149504K, used 16733K [0x00000000eb400000, 0x00000000f6980000, 0x0000000100000000)
  eden space 139776K, 5% used [0x00000000eb400000,0x00000000ebadb478,0x00000000f3c80000)
  from space 9728K, 99% used [0x00000000f3c80000,0x00000000f45fc1b8,0x00000000f4600000)
  to   space 11264K, 0% used [0x00000000f5e80000,0x00000000f5e80000,0x00000000f6980000)
 ParOldGen       total 64512K, used 24377K [0x00000000c1c00000, 0x00000000c5b00000, 0x00000000eb400000)
  object space 64512K, 37% used [0x00000000c1c00000,0x00000000c33ce5d8,0x00000000c5b00000)
 Metaspace       used 35728K, capacity 37062K, committed 37208K, reserved 1081344K
  class space    used 4428K, capacity 4744K, committed 4864K, reserved 1048576K
GC Heap History (10 events):
Event: 113.231 GC heap before
{Heap before GC invocations=27 (full 2):
 PSYoungGen      total 111104K, used 104433K [0x00000000eb400000, 0x00000000f2f00000, 0x0000000100000000)
  eden space 104448K, 99% used [0x00000000eb400000,0x00000000f19fc438,0x00000000f1a00000)
  from space 6656K, 0% used [0x00000000f2200000,0x00000000f2200000,0x00000000f2880000)
  to   space 8192K, 0% used [0x00000000f1a00000,0x00000000f1a00000,0x00000000f2200000)
 ParOldGen       total 64512K, used 24241K [0x00000000c1c00000, 0x00000000c5b00000, 0x00000000eb400000)
  object space 64512K, 37% used [0x00000000c1c00000,0x00000000c33ac5d8,0x00000000c5b00000)
 Metaspace       used 34228K, capacity 35482K, committed 35800K, reserved 1081344K
  class space    used 4316K, capacity 4616K, committed 4736K, reserved 1048576K
Event: 113.243 GC heap after
Heap after GC invocations=27 (full 2):
 PSYoungGen      total 112640K, used 369K [0x00000000eb400000, 0x00000000f3700000, 0x0000000100000000)
  eden space 104448K, 0% used [0x00000000eb400000,0x00000000eb400000,0x00000000f1a00000)
  from space 8192K, 4% used [0x00000000f1a00000,0x00000000f1a5c538,0x00000000f2200000)
  to   space 8192K, 0% used [0x00000000f2f00000,0x00000000f2f00000,0x00000000f3700000)
 ParOldGen       total 64512K, used 24249K [0x00000000c1c00000, 0x00000000c5b00000, 0x00000000eb400000)
  object space 64512K, 37% used [0x00000000c1c00000,0x00000000c33ae5d8,0x00000000c5b00000)
 Metaspace       used 34228K, capacity 35482K, committed 35800K, reserved 1081344K
  class space    used 4316K, capacity 4616K, committed 4736K, reserved 1048576K
}
Event: 113.301 GC heap before
{Heap before GC invocations=28 (full 2):
 PSYoungGen      total 112640K, used 104751K [0x00000000eb400000, 0x00000000f3700000, 0x0000000100000000)
  eden space 104448K, 99% used [0x00000000eb400000,0x00000000f19efa68,0x00000000f1a00000)
  from space 8192K, 4% used [0x00000000f1a00000,0x00000000f1a5c538,0x00000000f2200000)
  to   space 8192K, 0% used [0x00000000f2f00000,0x00000000f2f00000,0x00000000f3700000)
 ParOldGen       total 64512K, used 24249K [0x00000000c1c00000, 0x00000000c5b00000, 0x00000000eb400000)
  object space 64512K, 37% used [0x00000000c1c00000,0x00000000c33ae5d8,0x00000000c5b00000)
 Metaspace       used 34228K, capacity 35482K, committed 35800K, reserved 1081344K
  class space    used 4316K, capacity 4616K, committed 4736K, reserved 1048576K
Event: 113.310 GC heap after
Heap after GC invocations=28 (full 2):
 PSYoungGen      total 125952K, used 1619K [0x00000000eb400000, 0x00000000f4100000, 0x0000000100000000)
  eden space 117760K, 0% used [0x00000000eb400000,0x00000000eb400000,0x00000000f2700000)
  from space 8192K, 19% used [0x00000000f2f00000,0x00000000f3094d88,0x00000000f3700000)
  to   space 8192K, 0% used [0x00000000f2700000,0x00000000f2700000,0x00000000f2f00000)
 ParOldGen       total 64512K, used 24257K [0x00000000c1c00000, 0x00000000c5b00000, 0x00000000eb400000)
  object space 64512K, 37% used [0x00000000c1c00000,0x00000000c33b05d8,0x00000000c5b00000)
 Metaspace       used 34228K, capacity 35482K, committed 35800K, reserved 1081344K
  class space    used 4316K, capacity 4616K, committed 4736K, reserved 1048576K
}
Event: 115.909 GC heap before
{Heap before GC invocations=29 (full 2):
 PSYoungGen      total 125952K, used 118540K [0x00000000eb400000, 0x00000000f4100000, 0x0000000100000000)
  eden space 117760K, 99% used [0x00000000eb400000,0x00000000f262e4e0,0x00000000f2700000)
  from space 8192K, 19% used [0x00000000f2f00000,0x00000000f3094d88,0x00000000f3700000)
  to   space 8192K, 0% used [0x00000000f2700000,0x00000000f2700000,0x00000000f2f00000)
 ParOldGen       total 64512K, used 24257K [0x00000000c1c00000, 0x00000000c5b00000, 0x00000000eb400000)
  object space 64512K, 37% used [0x00000000c1c00000,0x00000000c33b05d8,0x00000000c5b00000)
 Metaspace       used 35044K, capacity 36322K, committed 36568K, reserved 1081344K
  class space    used 4412K, capacity 4698K, committed 4736K, reserved 1048576K
Event: 115.917 GC heap after
Heap after GC invocations=29 (full 2):
 PSYoungGen      total 125952K, used 5139K [0x00000000eb400000, 0x00000000f4f80000, 0x0000000100000000)
  eden space 117760K, 0% used [0x00000000eb400000,0x00000000eb400000,0x00000000f2700000)
  from space 8192K, 62% used [0x00000000f2700000,0x00000000f2c04f10,0x00000000f2f00000)
  to   space 8704K, 0% used [0x00000000f4700000,0x00000000f4700000,0x00000000f4f80000)
 ParOldGen       total 64512K, used 24265K [0x00000000c1c00000, 0x00000000c5b00000, 0x00000000eb400000)
  object space 64512K, 37% used [0x00000000c1c00000,0x00000000c33b25d8,0x00000000c5b00000)
 Metaspace       used 35044K, capacity 36322K, committed 36568K, reserved 1081344K
  class space    used 4412K, capacity 4698K, committed 4736K, reserved 1048576K
}
Event: 122.509 GC heap before
{Heap before GC invocations=30 (full 2):
 PSYoungGen      total 125952K, used 122559K [0x00000000eb400000, 0x00000000f4f80000, 0x0000000100000000)
  eden space 117760K, 99% used [0x00000000eb400000,0x00000000f26ab008,0x00000000f2700000)
  from space 8192K, 62% used [0x00000000f2700000,0x00000000f2c04f10,0x00000000f2f00000)
  to   space 8704K, 0% used [0x00000000f4700000,0x00000000f4700000,0x00000000f4f80000)
 ParOldGen       total 64512K, used 24265K [0x00000000c1c00000, 0x00000000c5b00000, 0x00000000eb400000)
  object space 64512K, 37% used [0x00000000c1c00000,0x00000000c33b25d8,0x00000000c5b00000)
 Metaspace       used 35430K, capacity 36742K, committed 36952K, reserved 1081344K
  class space    used 4422K, capacity 4744K, committed 4864K, reserved 1048576K
Event: 122.521 GC heap after
Heap after GC invocations=30 (full 2):
 PSYoungGen      total 148480K, used 8693K [0x00000000eb400000, 0x00000000f4f80000, 0x0000000100000000)
  eden space 139776K, 0% used [0x00000000eb400000,0x00000000eb400000,0x00000000f3c80000)
  from space 8704K, 99% used [0x00000000f4700000,0x00000000f4f7d550,0x00000000f4f80000)
  to   space 9728K, 0% used [0x00000000f3c80000,0x00000000f3c80000,0x00000000f4600000)
 ParOldGen       total 64512K, used 24369K [0x00000000c1c00000, 0x00000000c5b00000, 0x00000000eb400000)
  object space 64512K, 37% used [0x00000000c1c00000,0x00000000c33cc5d8,0x00000000c5b00000)
 Metaspace       used 35430K, capacity 36742K, committed 36952K, reserved 1081344K
  class space    used 4422K, capacity 4744K, committed 4864K, reserved 1048576K
}
Event: 130.737 GC heap before
{Heap before GC invocations=31 (full 2):
 PSYoungGen      total 148480K, used 147679K [0x00000000eb400000, 0x00000000f4f80000, 0x0000000100000000)
  eden space 139776K, 99% used [0x00000000eb400000,0x00000000f3bba7e0,0x00000000f3c80000)
  from space 8704K, 99% used [0x00000000f4700000,0x00000000f4f7d550,0x00000000f4f80000)
  to   space 9728K, 0% used [0x00000000f3c80000,0x00000000f3c80000,0x00000000f4600000)
 ParOldGen       total 64512K, used 24369K [0x00000000c1c00000, 0x00000000c5b00000, 0x00000000eb400000)
  object space 64512K, 37% used [0x00000000c1c00000,0x00000000c33cc5d8,0x00000000c5b00000)
 Metaspace       used 35719K, capacity 37062K, committed 37208K, reserved 1081344K
  class space    used 4428K, capacity 4744K, committed 4864K, reserved 1048576K
Event: 130.751 GC heap after
Heap after GC invocations=31 (full 2):
 PSYoungGen      total 149504K, used 9712K [0x00000000eb400000, 0x00000000f6980000, 0x0000000100000000)
  eden space 139776K, 0% used [0x00000000eb400000,0x00000000eb400000,0x00000000f3c80000)
  from space 9728K, 99% used [0x00000000f3c80000,0x00000000f45fc1b8,0x00000000f4600000)
  to   space 11264K, 0% used [0x00000000f5e80000,0x00000000f5e80000,0x00000000f6980000)
 ParOldGen       total 64512K, used 24377K [0x00000000c1c00000, 0x00000000c5b00000, 0x00000000eb400000)
  object space 64512K, 37% used [0x00000000c1c00000,0x00000000c33ce5d8,0x00000000c5b00000)
 Metaspace       used 35719K, capacity 37062K, committed 37208K, reserved 1081344K
  class space    used 4428K, capacity 4744K, committed 4864K, reserved 1048576K
}

