# JRE version: Java(TM) SE Runtime Environment (8.0_221-b11) (build 1.8.0_221-b11)
# Java VM: Java HotSpot(TM) 64-Bit Server VM (25.221-b11 mixed mode windows-amd64 compressed oops)
Heap:
 PSYoungGen      total 142848K, used 32988K [0x00000000eb400000, 0x00000000f6e80000, 0x0000000100000000)
  eden space 134656K, 21% used [0x00000000eb400000,0x00000000ed0a3bd8,0x00000000f3780000)
  from space 8192K, 44% used [0x00000000f3780000,0x00000000f3b137b0,0x00000000f3f80000)
  to   space 8192K, 0% used [0x00000000f6680000,0x00000000f6680000,0x00000000f6e80000)
 ParOldGen       total 52224K, used 27602K [0x00000000c1c00000, 0x00000000c4f00000, 0x00000000eb400000)
  object space 52224K, 52% used [0x00000000c1c00000,0x00000000c36f48e8,0x00000000c4f00000)
 Metaspace       used 33816K, capacity 35124K, committed 35200K, reserved 1079296K
  class space    used 4360K, capacity 4667K, committed 4736K, reserved 1048576K
GC Heap History (10 events):
Event: 31.911 GC heap before
{Heap before GC invocations=15 (full 2):
 PSYoungGen      total 83968K, used 82345K [0x00000000eb400000, 0x00000000f1100000, 0x0000000100000000)
  eden space 78848K, 99% used [0x00000000eb400000,0x00000000f00c65b8,0x00000000f0100000)
  from space 5120K, 72% used [0x00000000f0c00000,0x00000000f0fa4030,0x00000000f1100000)
  to   space 8192K, 0% used [0x00000000f0100000,0x00000000f0100000,0x00000000f0900000)
 ParOldGen       total 52224K, used 24055K [0x00000000c1c00000, 0x00000000c4f00000, 0x00000000eb400000)
  object space 52224K, 46% used [0x00000000c1c00000,0x00000000c337dc18,0x00000000c4f00000)
 Metaspace       used 28954K, capacity 30136K, committed 30336K, reserved 1075200K
  class space    used 3855K, capacity 4115K, committed 4224K, reserved 1048576K
Event: 31.915 GC heap after
Heap after GC invocations=15 (full 2):
 PSYoungGen      total 87040K, used 4960K [0x00000000eb400000, 0x00000000f2300000, 0x0000000100000000)
  eden space 78848K, 0% used [0x00000000eb400000,0x00000000eb400000,0x00000000f0100000)
  from space 8192K, 60% used [0x00000000f0100000,0x00000000f05d8040,0x00000000f0900000)
  to   space 8192K, 0% used [0x00000000f1b00000,0x00000000f1b00000,0x00000000f2300000)
 ParOldGen       total 52224K, used 24063K [0x00000000c1c00000, 0x00000000c4f00000, 0x00000000eb400000)
  object space 52224K, 46% used [0x00000000c1c00000,0x00000000c337fc18,0x00000000c4f00000)
 Metaspace       used 28954K, capacity 30136K, committed 30336K, reserved 1075200K
  class space    used 3855K, capacity 4115K, committed 4224K, reserved 1048576K
}
Event: 35.098 GC heap before
{Heap before GC invocations=16 (full 2):
 PSYoungGen      total 87040K, used 83799K [0x00000000eb400000, 0x00000000f2300000, 0x0000000100000000)
  eden space 78848K, 99% used [0x00000000eb400000,0x00000000f00fde88,0x00000000f0100000)
  from space 8192K, 60% used [0x00000000f0100000,0x00000000f05d8040,0x00000000f0900000)
  to   space 8192K, 0% used [0x00000000f1b00000,0x00000000f1b00000,0x00000000f2300000)
 ParOldGen       total 52224K, used 24063K [0x00000000c1c00000, 0x00000000c4f00000, 0x00000000eb400000)
  object space 52224K, 46% used [0x00000000c1c00000,0x00000000c337fc18,0x00000000c4f00000)
 Metaspace       used 32693K, capacity 33978K, committed 34304K, reserved 1079296K
  class space    used 4256K, capacity 4548K, committed 4608K, reserved 1048576K
Event: 35.113 GC heap after
Heap after GC invocations=16 (full 2):
 PSYoungGen      total 103936K, used 7488K [0x00000000eb400000, 0x00000000f2380000, 0x0000000100000000)
  eden space 95744K, 0% used [0x00000000eb400000,0x00000000eb400000,0x00000000f1180000)
  from space 8192K, 91% used [0x00000000f1b00000,0x00000000f22502f8,0x00000000f2300000)
  to   space 9216K, 0% used [0x00000000f1180000,0x00000000f1180000,0x00000000f1a80000)
 ParOldGen       total 52224K, used 24071K [0x00000000c1c00000, 0x00000000c4f00000, 0x00000000eb400000)
  object space 52224K, 46% used [0x00000000c1c00000,0x00000000c3381c18,0x00000000c4f00000)
 Metaspace       used 32693K, capacity 33978K, committed 34304K, reserved 1079296K
  class space    used 4256K, capacity 4548K, committed 4608K, reserved 1048576K
}
Event: 35.178 GC heap before
{Heap before GC invocations=17 (full 2):
 PSYoungGen      total 103936K, used 103163K [0x00000000eb400000, 0x00000000f2380000, 0x0000000100000000)
  eden space 95744K, 99% used [0x00000000eb400000,0x00000000f116ea58,0x00000000f1180000)
  from space 8192K, 91% used [0x00000000f1b00000,0x00000000f22502f8,0x00000000f2300000)
  to   space 9216K, 0% used [0x00000000f1180000,0x00000000f1180000,0x00000000f1a80000)
 ParOldGen       total 52224K, used 24071K [0x00000000c1c00000, 0x00000000c4f00000, 0x00000000eb400000)
  object space 52224K, 46% used [0x00000000c1c00000,0x00000000c3381c18,0x00000000c4f00000)
 Metaspace       used 32694K, capacity 33978K, committed 34304K, reserved 1079296K
  class space    used 4256K, capacity 4548K, committed 4608K, reserved 1048576K
Event: 35.186 GC heap after
Heap after GC invocations=17 (full 2):
 PSYoungGen      total 104960K, used 5022K [0x00000000eb400000, 0x00000000f4800000, 0x0000000100000000)
  eden space 95744K, 0% used [0x00000000eb400000,0x00000000eb400000,0x00000000f1180000)
  from space 9216K, 54% used [0x00000000f1180000,0x00000000f1667b18,0x00000000f1a80000)
  to   space 8704K, 0% used [0x00000000f3f80000,0x00000000f3f80000,0x00000000f4800000)
 ParOldGen       total 52224K, used 24079K [0x00000000c1c00000, 0x00000000c4f00000, 0x00000000eb400000)
  object space 52224K, 46% used [0x00000000c1c00000,0x00000000c3383c18,0x00000000c4f00000)
 Metaspace       used 32694K, capacity 33978K, committed 34304K, reserved 1079296K
  class space    used 4256K, capacity 4548K, committed 4608K, reserved 1048576K
}
Event: 35.225 GC heap before
{Heap before GC invocations=18 (full 2):
 PSYoungGen      total 104960K, used 100669K [0x00000000eb400000, 0x00000000f4800000, 0x0000000100000000)
  eden space 95744K, 99% used [0x00000000eb400000,0x00000000f1167c00,0x00000000f1180000)
  from space 9216K, 54% used [0x00000000f1180000,0x00000000f1667b18,0x00000000f1a80000)
  to   space 8704K, 0% used [0x00000000f3f80000,0x00000000f3f80000,0x00000000f4800000)
 ParOldGen       total 52224K, used 24079K [0x00000000c1c00000, 0x00000000c4f00000, 0x00000000eb400000)
  object space 52224K, 46% used [0x00000000c1c00000,0x00000000c3383c18,0x00000000c4f00000)
 Metaspace       used 32694K, capacity 33978K, committed 34304K, reserved 1079296K
  class space    used 4256K, capacity 4548K, committed 4608K, reserved 1048576K
Event: 35.231 GC heap after
Heap after GC invocations=18 (full 2):
 PSYoungGen      total 143360K, used 5022K [0x00000000eb400000, 0x00000000f4d80000, 0x0000000100000000)
  eden space 134656K, 0% used [0x00000000eb400000,0x00000000eb400000,0x00000000f3780000)
  from space 8704K, 57% used [0x00000000f3f80000,0x00000000f4467ae8,0x00000000f4800000)
  to   space 8192K, 0% used [0x00000000f3780000,0x00000000f3780000,0x00000000f3f80000)
 ParOldGen       total 52224K, used 24119K [0x00000000c1c00000, 0x00000000c4f00000, 0x00000000eb400000)
  object space 52224K, 46% used [0x00000000c1c00000,0x00000000c338dc18,0x00000000c4f00000)
 Metaspace       used 32694K, capacity 33978K, committed 34304K, reserved 1079296K
  class space    used 4256K, capacity 4548K, committed 4608K, reserved 1048576K
}
Event: 38.583 GC heap before
{Heap before GC invocations=19 (full 2):
 PSYoungGen      total 143360K, used 138892K [0x00000000eb400000, 0x00000000f4d80000, 0x0000000100000000)
  eden space 134656K, 99% used [0x00000000eb400000,0x00000000f36bb5d8,0x00000000f3780000)
  from space 8704K, 57% used [0x00000000f3f80000,0x00000000f4467ae8,0x00000000f4800000)
  to   space 8192K, 0% used [0x00000000f3780000,0x00000000f3780000,0x00000000f3f80000)
 ParOldGen       total 52224K, used 24119K [0x00000000c1c00000, 0x00000000c4f00000, 0x00000000eb400000)
  object space 52224K, 46% used [0x00000000c1c00000,0x00000000c338dc18,0x00000000c4f00000)
 Metaspace       used 33593K, capacity 34848K, committed 34944K, reserved 1079296K
  class space    used 4356K, capacity 4661K, committed 4736K, reserved 1048576K
Event: 38.597 GC heap after
Heap after GC invocations=19 (full 2):
 PSYoungGen      total 142848K, used 3661K [0x00000000eb400000, 0x00000000f6e80000, 0x0000000100000000)
  eden space 134656K, 0% used [0x00000000eb400000,0x00000000eb400000,0x00000000f3780000)
  from space 8192K, 44% used [0x00000000f3780000,0x00000000f3b137b0,0x00000000f3f80000)
  to   space 8192K, 0% used [0x00000000f6680000,0x00000000f6680000,0x00000000f6e80000)
 ParOldGen       total 52224K, used 27602K [0x00000000c1c00000, 0x00000000c4f00000, 0x00000000eb400000)
  object space 52224K, 52% used [0x00000000c1c00000,0x00000000c36f48e8,0x00000000c4f00000)
 Metaspace       used 33593K, capacity 34848K, committed 34944K, reserved 1079296K
  class space    used 4356K, capacity 4661K, committed 4736K, reserved 1048576K
}

